{
  "/Users/gedeon/Projects/Sync bridge/sync-bridge-express/src/app.ts": {
    "path": "/Users/gedeon/Projects/Sync bridge/sync-bridge-express/src/app.ts",
    "statementMap": {
      "0": { "start": { "line": 1, "column": 0 }, "end": { "line": 1, "column": 30 } },
      "1": { "start": { "line": 2, "column": 0 }, "end": { "line": 2, "column": 28 } },
      "2": { "start": { "line": 3, "column": 0 }, "end": { "line": 3, "column": 24 } },
      "3": { "start": { "line": 4, "column": 0 }, "end": { "line": 4, "column": 43 } },
      "4": { "start": { "line": 5, "column": 0 }, "end": { "line": 5, "column": 50 } },
      "5": { "start": { "line": 6, "column": 0 }, "end": { "line": 6, "column": 52 } },
      "6": { "start": { "line": 7, "column": 0 }, "end": { "line": 7, "column": 91 } },
      "7": { "start": { "line": 8, "column": 0 }, "end": { "line": 8, "column": 62 } },
      "8": { "start": { "line": 9, "column": 0 }, "end": { "line": 9, "column": 42 } },
      "9": { "start": { "line": 10, "column": 0 }, "end": { "line": 10, "column": 48 } },
      "10": { "start": { "line": 12, "column": 12 }, "end": { "line": 12, "column": 21 } },
      "11": { "start": { "line": 15, "column": 0 }, "end": { "line": 19, "column": 2 } },
      "12": { "start": { "line": 22, "column": 0 }, "end": { "line": 22, "column": 16 } },
      "13": { "start": { "line": 25, "column": 0 }, "end": { "line": 25, "column": 24 } },
      "14": { "start": { "line": 27, "column": 0 }, "end": { "line": 27, "column": 40 } },
      "15": { "start": { "line": 29, "column": 0 }, "end": { "line": 29, "column": 48 } },
      "16": { "start": { "line": 32, "column": 0 }, "end": { "line": 32, "column": 29 } },
      "17": { "start": { "line": 35, "column": 31 }, "end": { "line": 41, "column": 2 } },
      "18": { "start": { "line": 43, "column": 29 }, "end": { "line": 49, "column": 2 } },
      "19": { "start": { "line": 51, "column": 0 }, "end": { "line": 58, "column": 3 } },
      "20": { "start": { "line": 52, "column": 16 }, "end": { "line": 52, "column": 43 } },
      "21": { "start": { "line": 53, "column": 26 }, "end": { "line": 53, "column": 72 } },
      "22": { "start": { "line": 54, "column": 2 }, "end": { "line": 56, "column": 3 } },
      "23": { "start": { "line": 55, "column": 4 }, "end": { "line": 55, "column": 48 } },
      "24": { "start": { "line": 57, "column": 2 }, "end": { "line": 57, "column": 48 } },
      "25": { "start": { "line": 61, "column": 0 }, "end": { "line": 68, "column": 3 } },
      "26": { "start": { "line": 62, "column": 14 }, "end": { "line": 62, "column": 58 } },
      "27": { "start": { "line": 63, "column": 2 }, "end": { "line": 66, "column": 5 } },
      "28": { "start": { "line": 64, "column": 4 }, "end": { "line": 64, "column": 100 } },
      "29": { "start": { "line": 65, "column": 4 }, "end": { "line": 65, "column": 50 } },
      "30": { "start": { "line": 67, "column": 2 }, "end": { "line": 67, "column": 9 } },
      "31": { "start": { "line": 70, "column": 19 }, "end": { "line": 70, "column": 42 } },
      "32": { "start": { "line": 72, "column": 0 }, "end": { "line": 72, "column": 31 } },
      "33": { "start": { "line": 74, "column": 0 }, "end": { "line": 74, "column": 43 } },
      "34": { "start": { "line": 75, "column": 0 }, "end": { "line": 75, "column": 36 } },
      "35": { "start": { "line": 77, "column": 0 }, "end": { "line": 77, "column": 68 } },
      "36": { "start": { "line": 79, "column": 0 }, "end": { "line": 79, "column": 22 } },
      "37": { "start": { "line": 81, "column": 0 }, "end": { "line": 81, "column": 19 } }
    },
    "fnMap": {
      "0": {
        "name": "(anonymous_1)",
        "decl": { "start": { "line": 51, "column": 8 }, "end": { "line": 51, "column": 9 } },
        "loc": { "start": { "line": 51, "column": 27 }, "end": { "line": 58, "column": 1 } }
      },
      "1": {
        "name": "(anonymous_2)",
        "decl": { "start": { "line": 61, "column": 8 }, "end": { "line": 61, "column": 9 } },
        "loc": { "start": { "line": 61, "column": 27 }, "end": { "line": 68, "column": 1 } }
      },
      "2": {
        "name": "(anonymous_3)",
        "decl": { "start": { "line": 63, "column": 19 }, "end": { "line": 63, "column": 22 } },
        "loc": { "start": { "line": 63, "column": 24 }, "end": { "line": 66, "column": 3 } }
      }
    },
    "branchMap": {
      "0": {
        "loc": { "start": { "line": 53, "column": 26 }, "end": { "line": 53, "column": 72 } },
        "type": "binary-expr",
        "locations": [
          { "start": { "line": 53, "column": 26 }, "end": { "line": 53, "column": 31 } },
          { "start": { "line": 53, "column": 35 }, "end": { "line": 53, "column": 72 } }
        ]
      },
      "1": {
        "loc": { "start": { "line": 54, "column": 2 }, "end": { "line": 56, "column": 3 } },
        "type": "if",
        "locations": [{ "start": { "line": 54, "column": 2 }, "end": { "line": 56, "column": 3 } }]
      },
      "2": {
        "loc": { "start": { "line": 64, "column": 37 }, "end": { "line": 64, "column": 74 } },
        "type": "cond-expr",
        "locations": [
          { "start": { "line": 64, "column": 49 }, "end": { "line": 64, "column": 63 } },
          { "start": { "line": 64, "column": 66 }, "end": { "line": 64, "column": 74 } }
        ]
      }
    },
    "s": {
      "0": 5,
      "1": 5,
      "2": 5,
      "3": 5,
      "4": 5,
      "5": 5,
      "6": 5,
      "7": 5,
      "8": 5,
      "9": 5,
      "10": 5,
      "11": 5,
      "12": 5,
      "13": 5,
      "14": 5,
      "15": 5,
      "16": 5,
      "17": 5,
      "18": 5,
      "19": 5,
      "20": 31,
      "21": 31,
      "22": 31,
      "23": 24,
      "24": 7,
      "25": 5,
      "26": 31,
      "27": 31,
      "28": 31,
      "29": 31,
      "30": 31,
      "31": 5,
      "32": 5,
      "33": 5,
      "34": 5,
      "35": 5,
      "36": 5,
      "37": 5
    },
    "f": { "0": 31, "1": 31, "2": 31 },
    "b": { "0": [31, 25], "1": [24], "2": [28, 3] }
  },
  "/Users/gedeon/Projects/Sync bridge/sync-bridge-express/src/swagger.ts": {
    "path": "/Users/gedeon/Projects/Sync bridge/sync-bridge-express/src/swagger.ts",
    "statementMap": {
      "0": { "start": { "line": 1, "column": 0 }, "end": { "line": 1, "column": 41 } },
      "1": { "start": { "line": 3, "column": 16 }, "end": { "line": 19, "column": 2 } },
      "2": { "start": { "line": 21, "column": 14 }, "end": { "line": 21, "column": 35 } },
      "3": { "start": { "line": 23, "column": 0 }, "end": { "line": 23, "column": 21 } }
    },
    "fnMap": {},
    "branchMap": {},
    "s": { "0": 5, "1": 5, "2": 5, "3": 5 },
    "f": {},
    "b": {}
  },
  "/Users/gedeon/Projects/Sync bridge/sync-bridge-express/src/api/controllers/status/status.controller.ts": {
    "path": "/Users/gedeon/Projects/Sync bridge/sync-bridge-express/src/api/controllers/status/status.controller.ts",
    "statementMap": {
      "0": { "start": { "line": 2, "column": 0 }, "end": { "line": 2, "column": 67 } },
      "1": { "start": { "line": 3, "column": 0 }, "end": { "line": 3, "column": 53 } },
      "2": { "start": { "line": 4, "column": 0 }, "end": { "line": 4, "column": 77 } },
      "3": { "start": { "line": 5, "column": 0 }, "end": { "line": 5, "column": 49 } },
      "4": { "start": { "line": 15, "column": 9 }, "end": { "line": 50, "column": 4 } },
      "5": { "start": { "line": 16, "column": 4 }, "end": { "line": 49, "column": 5 } },
      "6": { "start": { "line": 17, "column": 6 }, "end": { "line": 17, "column": 37 } },
      "7": { "start": { "line": 18, "column": 6 }, "end": { "line": 18, "column": 76 } },
      "8": { "start": { "line": 21, "column": 24 }, "end": { "line": 21, "column": 55 } },
      "9": { "start": { "line": 23, "column": 25 }, "end": { "line": 23, "column": 57 } },
      "10": { "start": { "line": 25, "column": 6 }, "end": { "line": 36, "column": 7 } },
      "11": { "start": { "line": 26, "column": 8 }, "end": { "line": 35, "column": 11 } },
      "12": { "start": { "line": 38, "column": 6 }, "end": { "line": 38, "column": 50 } },
      "13": { "start": { "line": 39, "column": 6 }, "end": { "line": 48, "column": 9 } },
      "14": { "start": { "line": 57, "column": 4 }, "end": { "line": 66, "column": 5 } },
      "15": { "start": { "line": 59, "column": 6 }, "end": { "line": 61, "column": 9 } },
      "16": { "start": { "line": 62, "column": 6 }, "end": { "line": 62, "column": 18 } },
      "17": { "start": { "line": 64, "column": 6 }, "end": { "line": 64, "column": 58 } },
      "18": { "start": { "line": 65, "column": 6 }, "end": { "line": 65, "column": 56 } },
      "19": { "start": { "line": 74, "column": 24 }, "end": { "line": 74, "column": 53 } },
      "20": { "start": { "line": 75, "column": 4 }, "end": { "line": 96, "column": 5 } },
      "21": { "start": { "line": 77, "column": 25 }, "end": { "line": 83, "column": null } },
      "22": { "start": { "line": 87, "column": 6 }, "end": { "line": 87, "column": 48 } },
      "23": { "start": { "line": 89, "column": 6 }, "end": { "line": 89, "column": 33 } },
      "24": { "start": { "line": 91, "column": 6 }, "end": { "line": 91, "column": 18 } },
      "25": { "start": { "line": 93, "column": 6 }, "end": { "line": 93, "column": 35 } },
      "26": { "start": { "line": 94, "column": 6 }, "end": { "line": 94, "column": 59 } },
      "27": { "start": { "line": 95, "column": 6 }, "end": { "line": 95, "column": 57 } },
      "28": { "start": { "line": 7, "column": 0 }, "end": { "line": 7, "column": 13 } }
    },
    "fnMap": {
      "0": {
        "name": "(anonymous_1)",
        "decl": { "start": { "line": 7, "column": 0 }, "end": { "line": 7, "column": 13 } },
        "loc": { "start": { "line": 7, "column": 0 }, "end": { "line": 98, "column": 1 } }
      },
      "1": {
        "name": "(anonymous_2)",
        "decl": { "start": { "line": 15, "column": 23 }, "end": { "line": 15, "column": 28 } },
        "loc": { "start": { "line": 15, "column": 97 }, "end": { "line": 50, "column": 3 } }
      },
      "2": {
        "name": "(anonymous_3)",
        "decl": { "start": { "line": 56, "column": 10 }, "end": { "line": 56, "column": 15 } },
        "loc": { "start": { "line": 56, "column": 34 }, "end": { "line": 67, "column": 3 } }
      },
      "3": {
        "name": "(anonymous_4)",
        "decl": { "start": { "line": 73, "column": 10 }, "end": { "line": 73, "column": 15 } },
        "loc": { "start": { "line": 73, "column": 35 }, "end": { "line": 97, "column": 3 } }
      }
    },
    "branchMap": {
      "0": {
        "loc": { "start": { "line": 25, "column": 6 }, "end": { "line": 36, "column": 7 } },
        "type": "if",
        "locations": [{ "start": { "line": 25, "column": 6 }, "end": { "line": 36, "column": 7 } }]
      },
      "1": {
        "loc": { "start": { "line": 25, "column": 10 }, "end": { "line": 25, "column": 33 } },
        "type": "binary-expr",
        "locations": [
          { "start": { "line": 25, "column": 10 }, "end": { "line": 25, "column": 19 } },
          { "start": { "line": 25, "column": 23 }, "end": { "line": 25, "column": 33 } }
        ]
      }
    },
    "s": {
      "0": 5,
      "1": 5,
      "2": 5,
      "3": 5,
      "4": 5,
      "5": 4,
      "6": 4,
      "7": 3,
      "8": 3,
      "9": 2,
      "10": 1,
      "11": 1,
      "12": 3,
      "13": 3,
      "14": 3,
      "15": 3,
      "16": 2,
      "17": 1,
      "18": 1,
      "19": 2,
      "20": 2,
      "21": 2,
      "22": 1,
      "23": 1,
      "24": 1,
      "25": 1,
      "26": 1,
      "27": 1,
      "28": 5
    },
    "f": { "0": 5, "1": 4, "2": 3, "3": 2 },
    "b": { "0": [1], "1": [1, 1] }
  },
  "/Users/gedeon/Projects/Sync bridge/sync-bridge-express/src/api/controllers/status/status.routes.ts": {
    "path": "/Users/gedeon/Projects/Sync bridge/sync-bridge-express/src/api/controllers/status/status.routes.ts",
    "statementMap": {
      "0": { "start": { "line": 1, "column": 0 }, "end": { "line": 1, "column": 33 } },
      "1": { "start": { "line": 2, "column": 0 }, "end": { "line": 2, "column": 55 } },
      "2": { "start": { "line": 4, "column": 15 }, "end": { "line": 4, "column": 23 } },
      "3": { "start": { "line": 42, "column": 0 }, "end": { "line": 42, "column": 52 } },
      "4": { "start": { "line": 44, "column": 0 }, "end": { "line": 44, "column": 22 } }
    },
    "fnMap": {},
    "branchMap": {},
    "s": { "0": 5, "1": 5, "2": 5, "3": 5, "4": 5 },
    "f": {},
    "b": {}
  },
  "/Users/gedeon/Projects/Sync bridge/sync-bridge-express/src/api/controllers/sync/sync.controller.ts": {
    "path": "/Users/gedeon/Projects/Sync bridge/sync-bridge-express/src/api/controllers/sync/sync.controller.ts",
    "statementMap": {
      "0": { "start": { "line": 4, "column": 0 }, "end": { "line": 4, "column": null } },
      "1": { "start": { "line": 13, "column": 0 }, "end": { "line": 13, "column": 67 } },
      "2": { "start": { "line": 14, "column": 0 }, "end": { "line": 14, "column": 49 } },
      "3": { "start": { "line": 15, "column": 0 }, "end": { "line": 15, "column": 73 } },
      "4": { "start": { "line": 36, "column": 24 }, "end": { "line": 43, "column": 1 } },
      "5": { "start": { "line": 37, "column": 2 }, "end": { "line": 42, "column": 3 } },
      "6": { "start": { "line": 38, "column": 4 }, "end": { "line": 38, "column": 94 } },
      "7": { "start": { "line": 40, "column": 20 }, "end": { "line": 40, "column": 80 } },
      "8": { "start": { "line": 41, "column": 4 }, "end": { "line": 41, "column": 30 } },
      "9": { "start": { "line": 49, "column": 73 }, "end": { "line": 59, "column": 2 } },
      "10": { "start": { "line": 52, "column": 6 }, "end": { "line": 56, "column": 7 } },
      "11": { "start": { "line": 53, "column": 8 }, "end": { "line": 55, "column": 9 } },
      "12": { "start": { "line": 54, "column": 10 }, "end": { "line": 54, "column": 82 } },
      "13": { "start": { "line": 68, "column": 23 }, "end": { "line": 96, "column": 1 } },
      "14": { "start": { "line": 75, "column": 17 }, "end": { "line": 75, "column": 21 } },
      "15": { "start": { "line": 76, "column": 21 }, "end": { "line": 76, "column": 78 } },
      "16": { "start": { "line": 78, "column": 2 }, "end": { "line": 95, "column": 3 } },
      "17": { "start": { "line": 79, "column": 23 }, "end": { "line": 79, "column": 34 } },
      "18": { "start": { "line": 80, "column": 4 }, "end": { "line": 80, "column": 25 } },
      "19": { "start": { "line": 81, "column": 4 }, "end": { "line": 81, "column": 76 } },
      "20": { "start": { "line": 84, "column": 26 }, "end": { "line": 84, "column": 76 } },
      "21": { "start": { "line": 85, "column": 4 }, "end": { "line": 87, "column": 5 } },
      "22": { "start": { "line": 86, "column": 6 }, "end": { "line": 86, "column": 56 } },
      "23": { "start": { "line": 88, "column": 4 }, "end": { "line": 88, "column": 37 } },
      "24": { "start": { "line": 90, "column": 26 }, "end": { "line": 90, "column": 76 } },
      "25": { "start": { "line": 91, "column": 4 }, "end": { "line": 93, "column": 5 } },
      "26": { "start": { "line": 92, "column": 6 }, "end": { "line": 92, "column": 56 } },
      "27": { "start": { "line": 94, "column": 4 }, "end": { "line": 94, "column": 62 } },
      "28": { "start": { "line": 105, "column": 20 }, "end": { "line": 186, "column": 1 } },
      "29": { "start": { "line": 106, "column": 26 }, "end": { "line": 106, "column": 49 } },
      "30": { "start": { "line": 108, "column": 22 }, "end": { "line": 111, "column": 4 } },
      "31": { "start": { "line": 114, "column": 2 }, "end": { "line": 129, "column": 3 } },
      "32": { "start": { "line": 116, "column": 6 }, "end": { "line": 116, "column": 38 } },
      "33": { "start": { "line": 117, "column": 6 }, "end": { "line": 117, "column": 12 } },
      "34": { "start": { "line": 119, "column": 6 }, "end": { "line": 119, "column": 37 } },
      "35": { "start": { "line": 120, "column": 6 }, "end": { "line": 120, "column": 12 } },
      "36": { "start": { "line": 122, "column": 6 }, "end": { "line": 122, "column": 35 } },
      "37": { "start": { "line": 123, "column": 6 }, "end": { "line": 123, "column": 12 } },
      "38": { "start": { "line": 125, "column": 6 }, "end": { "line": 125, "column": 38 } },
      "39": { "start": { "line": 126, "column": 6 }, "end": { "line": 126, "column": 12 } },
      "40": { "start": { "line": 128, "column": 6 }, "end": { "line": 128, "column": 87 } },
      "41": { "start": { "line": 132, "column": 2 }, "end": { "line": 138, "column": 3 } },
      "42": { "start": { "line": 134, "column": 6 }, "end": { "line": 134, "column": 36 } },
      "43": { "start": { "line": 135, "column": 6 }, "end": { "line": 135, "column": 12 } },
      "44": { "start": { "line": 137, "column": 6 }, "end": { "line": 137, "column": 28 } },
      "45": { "start": { "line": 140, "column": 13 }, "end": { "line": 140, "column": 42 } },
      "46": { "start": { "line": 142, "column": 2 }, "end": { "line": 185, "column": 3 } },
      "47": { "start": { "line": 144, "column": 24 }, "end": { "line": 146, "column": 77 } },
      "48": { "start": { "line": 145, "column": 21 }, "end": { "line": 145, "column": 28 } },
      "49": { "start": { "line": 146, "column": 45 }, "end": { "line": 146, "column": 76 } },
      "50": { "start": { "line": 148, "column": 25 }, "end": { "line": 148, "column": 39 } },
      "51": { "start": { "line": 149, "column": 4 }, "end": { "line": 156, "column": 5 } },
      "52": { "start": { "line": 150, "column": 30 }, "end": { "line": 154, "column": 8 } },
      "53": { "start": { "line": 155, "column": 6 }, "end": { "line": 155, "column": 77 } },
      "54": { "start": { "line": 155, "column": 63 }, "end": { "line": 155, "column": 74 } },
      "55": { "start": { "line": 159, "column": 20 }, "end": { "line": 159, "column": 22 } },
      "56": { "start": { "line": 160, "column": 4 }, "end": { "line": 163, "column": 5 } },
      "57": { "start": { "line": 161, "column": 21 }, "end": { "line": 161, "column": 90 } },
      "58": { "start": { "line": 162, "column": 6 }, "end": { "line": 162, "column": 27 } },
      "59": { "start": { "line": 166, "column": 4 }, "end": { "line": 166, "column": 22 } },
      "60": { "start": { "line": 167, "column": 4 }, "end": { "line": 167, "column": 64 } },
      "61": { "start": { "line": 169, "column": 4 }, "end": { "line": 174, "column": 7 } },
      "62": { "start": { "line": 176, "column": 4 }, "end": { "line": 176, "column": 24 } },
      "63": { "start": { "line": 177, "column": 4 }, "end": { "line": 177, "column": 76 } },
      "64": { "start": { "line": 179, "column": 4 }, "end": { "line": 182, "column": 7 } },
      "65": { "start": { "line": 184, "column": 4 }, "end": { "line": 184, "column": 73 } },
      "66": { "start": { "line": 105, "column": 13 }, "end": { "line": 105, "column": 20 } },
      "67": { "start": { "line": 191, "column": 24 }, "end": { "line": 235, "column": 1 } },
      "68": { "start": { "line": 192, "column": 16 }, "end": { "line": 195, "column": 4 } },
      "69": { "start": { "line": 198, "column": 61 }, "end": { "line": 204, "column": 4 } },
      "70": { "start": { "line": 206, "column": 19 }, "end": { "line": 206, "column": 20 } },
      "71": { "start": { "line": 207, "column": 2 }, "end": { "line": 226, "column": 3 } },
      "72": { "start": { "line": 208, "column": 30 }, "end": { "line": 208, "column": 81 } },
      "73": { "start": { "line": 209, "column": 21 }, "end": { "line": 209, "column": 45 } },
      "74": { "start": { "line": 211, "column": 4 }, "end": { "line": 224, "column": 5 } },
      "75": { "start": { "line": 213, "column": 8 }, "end": { "line": 213, "column": 43 } },
      "76": { "start": { "line": 214, "column": 8 }, "end": { "line": 214, "column": 14 } },
      "77": { "start": { "line": 216, "column": 8 }, "end": { "line": 216, "column": 39 } },
      "78": { "start": { "line": 217, "column": 8 }, "end": { "line": 217, "column": 14 } },
      "79": { "start": { "line": 219, "column": 8 }, "end": { "line": 219, "column": 40 } },
      "80": { "start": { "line": 220, "column": 8 }, "end": { "line": 220, "column": 14 } },
      "81": { "start": { "line": 222, "column": 8 }, "end": { "line": 222, "column": 46 } },
      "82": { "start": { "line": 223, "column": 8 }, "end": { "line": 223, "column": 14 } },
      "83": { "start": { "line": 225, "column": 4 }, "end": { "line": 225, "column": 27 } },
      "84": { "start": { "line": 227, "column": 2 }, "end": { "line": 227, "column": 34 } },
      "85": { "start": { "line": 229, "column": 2 }, "end": { "line": 234, "column": 5 } },
      "86": { "start": { "line": 191, "column": 13 }, "end": { "line": 191, "column": 24 } }
    },
    "fnMap": {
      "0": {
        "name": "(anonymous_0)",
        "decl": { "start": { "line": 36, "column": 24 }, "end": { "line": 36, "column": 29 } },
        "loc": { "start": { "line": 36, "column": 75 }, "end": { "line": 43, "column": 1 } }
      },
      "1": {
        "name": "(anonymous_1)",
        "decl": { "start": { "line": 51, "column": 14 }, "end": { "line": 51, "column": 19 } },
        "loc": { "start": { "line": 51, "column": 44 }, "end": { "line": 57, "column": 5 } }
      },
      "2": {
        "name": "(anonymous_2)",
        "decl": { "start": { "line": 68, "column": 23 }, "end": { "line": 68, "column": 28 } },
        "loc": { "start": { "line": 74, "column": 57 }, "end": { "line": 96, "column": 1 } }
      },
      "3": {
        "name": "(anonymous_3)",
        "decl": { "start": { "line": 105, "column": 20 }, "end": { "line": 105, "column": 25 } },
        "loc": { "start": { "line": 105, "column": 58 }, "end": { "line": 186, "column": 1 } }
      },
      "4": {
        "name": "(anonymous_4)",
        "decl": { "start": { "line": 145, "column": 11 }, "end": { "line": 145, "column": 12 } },
        "loc": { "start": { "line": 145, "column": 21 }, "end": { "line": 145, "column": 28 } }
      },
      "5": {
        "name": "(anonymous_5)",
        "decl": { "start": { "line": 146, "column": 14 }, "end": { "line": 146, "column": 15 } },
        "loc": { "start": { "line": 146, "column": 45 }, "end": { "line": 146, "column": 76 } }
      },
      "6": {
        "name": "(anonymous_6)",
        "decl": { "start": { "line": 155, "column": 51 }, "end": { "line": 155, "column": 52 } },
        "loc": { "start": { "line": 155, "column": 63 }, "end": { "line": 155, "column": 74 } }
      },
      "7": {
        "name": "(anonymous_7)",
        "decl": { "start": { "line": 191, "column": 24 }, "end": { "line": 191, "column": 29 } },
        "loc": { "start": { "line": 191, "column": 62 }, "end": { "line": 235, "column": 1 } }
      }
    },
    "branchMap": {
      "0": {
        "loc": { "start": { "line": 37, "column": 2 }, "end": { "line": 42, "column": 3 } },
        "type": "if",
        "locations": [
          { "start": { "line": 37, "column": 2 }, "end": { "line": 42, "column": 3 } },
          { "start": { "line": 39, "column": 9 }, "end": { "line": 42, "column": 3 } }
        ]
      },
      "1": {
        "loc": { "start": { "line": 52, "column": 6 }, "end": { "line": 56, "column": 7 } },
        "type": "if",
        "locations": [{ "start": { "line": 52, "column": 6 }, "end": { "line": 56, "column": 7 } }]
      },
      "2": {
        "loc": { "start": { "line": 52, "column": 10 }, "end": { "line": 52, "column": 55 } },
        "type": "binary-expr",
        "locations": [
          { "start": { "line": 52, "column": 10 }, "end": { "line": 52, "column": 23 } },
          { "start": { "line": 52, "column": 27 }, "end": { "line": 52, "column": 55 } }
        ]
      },
      "3": {
        "loc": { "start": { "line": 76, "column": 21 }, "end": { "line": 76, "column": 78 } },
        "type": "binary-expr",
        "locations": [
          { "start": { "line": 76, "column": 21 }, "end": { "line": 76, "column": 37 } },
          { "start": { "line": 76, "column": 41 }, "end": { "line": 76, "column": 52 } },
          { "start": { "line": 76, "column": 56 }, "end": { "line": 76, "column": 78 } }
        ]
      },
      "4": {
        "loc": { "start": { "line": 78, "column": 2 }, "end": { "line": 95, "column": 3 } },
        "type": "if",
        "locations": [
          { "start": { "line": 78, "column": 2 }, "end": { "line": 95, "column": 3 } },
          { "start": { "line": 89, "column": 9 }, "end": { "line": 95, "column": 3 } }
        ]
      },
      "5": {
        "loc": { "start": { "line": 85, "column": 4 }, "end": { "line": 87, "column": 5 } },
        "type": "if",
        "locations": [{ "start": { "line": 85, "column": 4 }, "end": { "line": 87, "column": 5 } }]
      },
      "6": {
        "loc": { "start": { "line": 85, "column": 8 }, "end": { "line": 85, "column": 44 } },
        "type": "binary-expr",
        "locations": [
          { "start": { "line": 85, "column": 8 }, "end": { "line": 85, "column": 27 } },
          { "start": { "line": 85, "column": 31 }, "end": { "line": 85, "column": 44 } }
        ]
      },
      "7": {
        "loc": { "start": { "line": 85, "column": 8 }, "end": { "line": 85, "column": 27 } },
        "type": "cond-expr",
        "locations": [
          { "start": { "line": 85, "column": 17 }, "end": { "line": 85, "column": 19 } },
          { "start": { "line": 85, "column": 8 }, "end": { "line": 85, "column": 27 } }
        ]
      },
      "8": {
        "loc": { "start": { "line": 85, "column": 8 }, "end": { "line": 85, "column": 19 } },
        "type": "binary-expr",
        "locations": [
          { "start": { "line": 85, "column": 8 }, "end": { "line": 85, "column": 19 } },
          { "start": { "line": 85, "column": 8 }, "end": { "line": 85, "column": 19 } }
        ]
      },
      "9": {
        "loc": { "start": { "line": 91, "column": 4 }, "end": { "line": 93, "column": 5 } },
        "type": "if",
        "locations": [{ "start": { "line": 91, "column": 4 }, "end": { "line": 93, "column": 5 } }]
      },
      "10": {
        "loc": { "start": { "line": 91, "column": 8 }, "end": { "line": 91, "column": 27 } },
        "type": "cond-expr",
        "locations": [
          { "start": { "line": 91, "column": 17 }, "end": { "line": 91, "column": 19 } },
          { "start": { "line": 91, "column": 8 }, "end": { "line": 91, "column": 27 } }
        ]
      },
      "11": {
        "loc": { "start": { "line": 91, "column": 8 }, "end": { "line": 91, "column": 19 } },
        "type": "binary-expr",
        "locations": [
          { "start": { "line": 91, "column": 8 }, "end": { "line": 91, "column": 19 } },
          { "start": { "line": 91, "column": 8 }, "end": { "line": 91, "column": 19 } }
        ]
      },
      "12": {
        "loc": { "start": { "line": 114, "column": 2 }, "end": { "line": 129, "column": 3 } },
        "type": "switch",
        "locations": [
          { "start": { "line": 115, "column": 4 }, "end": { "line": 117, "column": 12 } },
          { "start": { "line": 118, "column": 4 }, "end": { "line": 120, "column": 12 } },
          { "start": { "line": 121, "column": 4 }, "end": { "line": 123, "column": 12 } },
          { "start": { "line": 124, "column": 4 }, "end": { "line": 126, "column": 12 } },
          { "start": { "line": 127, "column": 4 }, "end": { "line": 128, "column": 87 } }
        ]
      },
      "13": {
        "loc": { "start": { "line": 132, "column": 2 }, "end": { "line": 138, "column": 3 } },
        "type": "switch",
        "locations": [
          { "start": { "line": 133, "column": 4 }, "end": { "line": 135, "column": 12 } },
          { "start": { "line": 136, "column": 4 }, "end": { "line": 137, "column": 28 } }
        ]
      },
      "14": {
        "loc": { "start": { "line": 146, "column": 45 }, "end": { "line": 146, "column": 76 } },
        "type": "binary-expr",
        "locations": [
          { "start": { "line": 146, "column": 45 }, "end": { "line": 146, "column": 61 } },
          { "start": { "line": 146, "column": 65 }, "end": { "line": 146, "column": 76 } }
        ]
      },
      "15": {
        "loc": { "start": { "line": 149, "column": 4 }, "end": { "line": 156, "column": 5 } },
        "type": "if",
        "locations": [{ "start": { "line": 149, "column": 4 }, "end": { "line": 156, "column": 5 } }]
      },
      "16": {
        "loc": { "start": { "line": 181, "column": 22 }, "end": { "line": 181, "column": 63 } },
        "type": "binary-expr",
        "locations": [
          { "start": { "line": 181, "column": 22 }, "end": { "line": 181, "column": 35 } },
          { "start": { "line": 181, "column": 39 }, "end": { "line": 181, "column": 63 } }
        ]
      },
      "17": {
        "loc": { "start": { "line": 209, "column": 21 }, "end": { "line": 209, "column": 45 } },
        "type": "binary-expr",
        "locations": [
          { "start": { "line": 209, "column": 21 }, "end": { "line": 209, "column": 40 } },
          { "start": { "line": 209, "column": 44 }, "end": { "line": 209, "column": 45 } }
        ]
      },
      "18": {
        "loc": { "start": { "line": 211, "column": 4 }, "end": { "line": 224, "column": 5 } },
        "type": "switch",
        "locations": [
          { "start": { "line": 212, "column": 6 }, "end": { "line": 214, "column": 14 } },
          { "start": { "line": 215, "column": 6 }, "end": { "line": 217, "column": 14 } },
          { "start": { "line": 218, "column": 6 }, "end": { "line": 220, "column": 14 } },
          { "start": { "line": 221, "column": 6 }, "end": { "line": 223, "column": 14 } }
        ]
      }
    },
    "s": {
      "0": 5,
      "1": 5,
      "2": 5,
      "3": 5,
      "4": 5,
      "5": 3,
      "6": 1,
      "7": 2,
      "8": 2,
      "9": 5,
      "10": 4,
      "11": 3,
      "12": 3,
      "13": 5,
      "14": 13,
      "15": 13,
      "16": 13,
      "17": 3,
      "18": 3,
      "19": 3,
      "20": 3,
      "21": 3,
      "22": 1,
      "23": 3,
      "24": 10,
      "25": 8,
      "26": 3,
      "27": 8,
      "28": 5,
      "29": 11,
      "30": 11,
      "31": 11,
      "32": 3,
      "33": 3,
      "34": 3,
      "35": 3,
      "36": 4,
      "37": 4,
      "38": 1,
      "39": 1,
      "40": 0,
      "41": 11,
      "42": 4,
      "43": 4,
      "44": 7,
      "45": 11,
      "46": 11,
      "47": 11,
      "48": 13,
      "49": 13,
      "50": 11,
      "51": 11,
      "52": 11,
      "53": 11,
      "54": 3,
      "55": 11,
      "56": 11,
      "57": 13,
      "58": 11,
      "59": 9,
      "60": 9,
      "61": 9,
      "62": 2,
      "63": 2,
      "64": 2,
      "65": 2,
      "66": 5,
      "67": 5,
      "68": 1,
      "69": 1,
      "70": 1,
      "71": 1,
      "72": 4,
      "73": 4,
      "74": 4,
      "75": 1,
      "76": 1,
      "77": 1,
      "78": 1,
      "79": 1,
      "80": 1,
      "81": 1,
      "82": 1,
      "83": 4,
      "84": 1,
      "85": 1,
      "86": 5
    },
    "f": { "0": 3, "1": 4, "2": 13, "3": 11, "4": 13, "5": 13, "6": 3, "7": 1 },
    "b": {
      "0": [1, 2],
      "1": [3],
      "2": [4, 3],
      "3": [13, 13, 13],
      "4": [3, 10],
      "5": [1],
      "6": [3, 1],
      "7": [2, 1],
      "8": [3, 3],
      "9": [3],
      "10": [5, 3],
      "11": [8, 8],
      "12": [3, 3, 4, 1, 0],
      "13": [4, 7],
      "14": [13, 13],
      "15": [11],
      "16": [2, 0],
      "17": [4, 0],
      "18": [1, 1, 1, 1]
    }
  },
  "/Users/gedeon/Projects/Sync bridge/sync-bridge-express/src/api/controllers/sync/sync.routes.ts": {
    "path": "/Users/gedeon/Projects/Sync bridge/sync-bridge-express/src/api/controllers/sync/sync.routes.ts",
    "statementMap": {
      "0": { "start": { "line": 1, "column": 0 }, "end": { "line": 1, "column": 33 } },
      "1": { "start": { "line": 2, "column": 0 }, "end": { "line": 2, "column": 51 } },
      "2": { "start": { "line": 3, "column": 0 }, "end": { "line": 3, "column": 57 } },
      "3": { "start": { "line": 4, "column": 0 }, "end": { "line": 4, "column": 47 } },
      "4": { "start": { "line": 6, "column": 15 }, "end": { "line": 6, "column": 23 } },
      "5": { "start": { "line": 22, "column": 0 }, "end": { "line": 22, "column": 31 } },
      "6": { "start": { "line": 67, "column": 0 }, "end": { "line": 67, "column": 45 } },
      "7": { "start": { "line": 69, "column": 0 }, "end": { "line": 69, "column": 22 } }
    },
    "fnMap": {},
    "branchMap": {},
    "s": { "0": 5, "1": 5, "2": 5, "3": 5, "4": 5, "5": 5, "6": 5, "7": 5 },
    "f": {},
    "b": {}
  },
  "/Users/gedeon/Projects/Sync bridge/sync-bridge-express/src/api/controllers/sync/sync.validation.ts": {
    "path": "/Users/gedeon/Projects/Sync bridge/sync-bridge-express/src/api/controllers/sync/sync.validation.ts",
    "statementMap": {
      "0": { "start": { "line": 1, "column": 0 }, "end": { "line": 1, "column": 22 } },
      "1": { "start": { "line": 4, "column": 13 }, "end": { "line": 10, "column": 3 } },
      "2": { "start": { "line": 12, "column": 13 }, "end": { "line": 20, "column": 3 } },
      "3": { "start": { "line": 22, "column": 13 }, "end": { "line": 27, "column": 3 } },
      "4": { "start": { "line": 29, "column": 13 }, "end": { "line": 55, "column": 3 } },
      "5": { "start": { "line": 39, "column": 2 }, "end": { "line": 41, "column": 3 } },
      "6": { "start": { "line": 40, "column": 4 }, "end": { "line": 40, "column": 17 } },
      "7": { "start": { "line": 43, "column": 27 }, "end": { "line": 45, "column": 7 } },
      "8": { "start": { "line": 44, "column": 4 }, "end": { "line": 44, "column": 46 } },
      "9": { "start": { "line": 47, "column": 2 }, "end": { "line": 52, "column": 3 } },
      "10": { "start": { "line": 49, "column": 4 }, "end": { "line": 51, "column": 7 } },
      "11": { "start": { "line": 54, "column": 2 }, "end": { "line": 54, "column": 15 } },
      "12": { "start": { "line": 57, "column": 13 }, "end": { "line": 81, "column": 3 } },
      "13": { "start": { "line": 83, "column": 13 }, "end": { "line": 94, "column": 3 } }
    },
    "fnMap": {
      "0": {
        "name": "(anonymous_1)",
        "decl": { "start": { "line": 37, "column": 10 }, "end": { "line": 37, "column": 11 } },
        "loc": { "start": { "line": 37, "column": 29 }, "end": { "line": 55, "column": 1 } }
      },
      "1": {
        "name": "(anonymous_2)",
        "decl": { "start": { "line": 43, "column": 46 }, "end": { "line": 43, "column": 47 } },
        "loc": { "start": { "line": 43, "column": 88 }, "end": { "line": 45, "column": 3 } }
      }
    },
    "branchMap": {
      "0": {
        "loc": { "start": { "line": 39, "column": 2 }, "end": { "line": 41, "column": 3 } },
        "type": "if",
        "locations": [{ "start": { "line": 39, "column": 2 }, "end": { "line": 41, "column": 3 } }]
      },
      "1": {
        "loc": { "start": { "line": 39, "column": 6 }, "end": { "line": 39, "column": 46 } },
        "type": "binary-expr",
        "locations": [
          { "start": { "line": 39, "column": 6 }, "end": { "line": 39, "column": 18 } },
          { "start": { "line": 39, "column": 22 }, "end": { "line": 39, "column": 46 } }
        ]
      },
      "2": {
        "loc": { "start": { "line": 47, "column": 2 }, "end": { "line": 52, "column": 3 } },
        "type": "if",
        "locations": [{ "start": { "line": 47, "column": 2 }, "end": { "line": 52, "column": 3 } }]
      }
    },
    "s": {
      "0": 5,
      "1": 5,
      "2": 5,
      "3": 5,
      "4": 5,
      "5": 5,
      "6": 1,
      "7": 4,
      "8": 4,
      "9": 4,
      "10": 1,
      "11": 3,
      "12": 5,
      "13": 5
    },
    "f": { "0": 5, "1": 4 },
    "b": { "0": [1], "1": [5, 4], "2": [1] }
  },
  "/Users/gedeon/Projects/Sync bridge/sync-bridge-express/src/api/controllers/sync-history/syncHistory.controller.ts": {
    "path": "/Users/gedeon/Projects/Sync bridge/sync-bridge-express/src/api/controllers/sync-history/syncHistory.controller.ts",
    "statementMap": {
      "0": { "start": { "line": 2, "column": 0 }, "end": { "line": 2, "column": 63 } },
      "1": { "start": { "line": 3, "column": 0 }, "end": { "line": 3, "column": 69 } },
      "2": { "start": { "line": 4, "column": 0 }, "end": { "line": 4, "column": 73 } },
      "3": { "start": { "line": 5, "column": 0 }, "end": { "line": 5, "column": 67 } },
      "4": { "start": { "line": 7, "column": 22 }, "end": { "line": 35, "column": 1 } },
      "5": { "start": { "line": 8, "column": 33 }, "end": { "line": 8, "column": 42 } },
      "6": { "start": { "line": 9, "column": 28 }, "end": { "line": 9, "column": 86 } },
      "7": { "start": { "line": 11, "column": 21 }, "end": { "line": 11, "column": 23 } },
      "8": { "start": { "line": 12, "column": 2 }, "end": { "line": 14, "column": 3 } },
      "9": { "start": { "line": 13, "column": 4 }, "end": { "line": 13, "column": 26 } },
      "10": { "start": { "line": 16, "column": 26 }, "end": { "line": 21, "column": 4 } },
      "11": { "start": { "line": 23, "column": 16 }, "end": { "line": 23, "column": 40 } },
      "12": { "start": { "line": 25, "column": 2 }, "end": { "line": 34, "column": 5 } },
      "13": { "start": { "line": 7, "column": 13 }, "end": { "line": 7, "column": 22 } },
      "14": { "start": { "line": 37, "column": 23 }, "end": { "line": 46, "column": 1 } },
      "15": { "start": { "line": 38, "column": 17 }, "end": { "line": 38, "column": 27 } },
      "16": { "start": { "line": 39, "column": 22 }, "end": { "line": 39, "column": 62 } },
      "17": { "start": { "line": 41, "column": 2 }, "end": { "line": 43, "column": 3 } },
      "18": { "start": { "line": 42, "column": 4 }, "end": { "line": 42, "column": 84 } },
      "19": { "start": { "line": 45, "column": 2 }, "end": { "line": 45, "column": 114 } },
      "20": { "start": { "line": 37, "column": 13 }, "end": { "line": 37, "column": 23 } },
      "21": { "start": { "line": 48, "column": 21 }, "end": { "line": 64, "column": 1 } },
      "22": { "start": { "line": 49, "column": 17 }, "end": { "line": 49, "column": 27 } },
      "23": { "start": { "line": 50, "column": 22 }, "end": { "line": 50, "column": 62 } },
      "24": { "start": { "line": 52, "column": 2 }, "end": { "line": 54, "column": 3 } },
      "25": { "start": { "line": 53, "column": 4 }, "end": { "line": 53, "column": 84 } },
      "26": { "start": { "line": 56, "column": 2 }, "end": { "line": 58, "column": 3 } },
      "27": { "start": { "line": 57, "column": 4 }, "end": { "line": 57, "column": 94 } },
      "28": { "start": { "line": 60, "column": 2 }, "end": { "line": 60, "column": 54 } },
      "29": { "start": { "line": 61, "column": 2 }, "end": { "line": 61, "column": 27 } },
      "30": { "start": { "line": 63, "column": 2 }, "end": { "line": 63, "column": 107 } },
      "31": { "start": { "line": 48, "column": 13 }, "end": { "line": 48, "column": 21 } },
      "32": { "start": { "line": 66, "column": 26 }, "end": { "line": 77, "column": 1 } },
      "33": { "start": { "line": 67, "column": 17 }, "end": { "line": 67, "column": 27 } },
      "34": { "start": { "line": 68, "column": 22 }, "end": { "line": 68, "column": 62 } },
      "35": { "start": { "line": 70, "column": 2 }, "end": { "line": 72, "column": 3 } },
      "36": { "start": { "line": 71, "column": 4 }, "end": { "line": 71, "column": 84 } },
      "37": { "start": { "line": 74, "column": 2 }, "end": { "line": 74, "column": 30 } },
      "38": { "start": { "line": 76, "column": 2 }, "end": { "line": 76, "column": 93 } },
      "39": { "start": { "line": 66, "column": 13 }, "end": { "line": 66, "column": 26 } }
    },
    "fnMap": {
      "0": {
        "name": "(anonymous_0)",
        "decl": { "start": { "line": 7, "column": 22 }, "end": { "line": 7, "column": 27 } },
        "loc": { "start": { "line": 7, "column": 60 }, "end": { "line": 35, "column": 1 } }
      },
      "1": {
        "name": "(anonymous_1)",
        "decl": { "start": { "line": 37, "column": 23 }, "end": { "line": 37, "column": 28 } },
        "loc": { "start": { "line": 37, "column": 61 }, "end": { "line": 46, "column": 1 } }
      },
      "2": {
        "name": "(anonymous_2)",
        "decl": { "start": { "line": 48, "column": 21 }, "end": { "line": 48, "column": 26 } },
        "loc": { "start": { "line": 48, "column": 59 }, "end": { "line": 64, "column": 1 } }
      },
      "3": {
        "name": "(anonymous_3)",
        "decl": { "start": { "line": 66, "column": 26 }, "end": { "line": 66, "column": 31 } },
        "loc": { "start": { "line": 66, "column": 64 }, "end": { "line": 77, "column": 1 } }
      }
    },
    "branchMap": {
      "0": {
        "loc": { "start": { "line": 12, "column": 2 }, "end": { "line": 14, "column": 3 } },
        "type": "if",
        "locations": [{ "start": { "line": 12, "column": 2 }, "end": { "line": 14, "column": 3 } }]
      },
      "1": {
        "loc": { "start": { "line": 41, "column": 2 }, "end": { "line": 43, "column": 3 } },
        "type": "if",
        "locations": [{ "start": { "line": 41, "column": 2 }, "end": { "line": 43, "column": 3 } }]
      },
      "2": {
        "loc": { "start": { "line": 52, "column": 2 }, "end": { "line": 54, "column": 3 } },
        "type": "if",
        "locations": [{ "start": { "line": 52, "column": 2 }, "end": { "line": 54, "column": 3 } }]
      },
      "3": {
        "loc": { "start": { "line": 56, "column": 2 }, "end": { "line": 58, "column": 3 } },
        "type": "if",
        "locations": [{ "start": { "line": 56, "column": 2 }, "end": { "line": 58, "column": 3 } }]
      },
      "4": {
        "loc": { "start": { "line": 70, "column": 2 }, "end": { "line": 72, "column": 3 } },
        "type": "if",
        "locations": [{ "start": { "line": 70, "column": 2 }, "end": { "line": 72, "column": 3 } }]
      }
    },
    "s": {
      "0": 5,
      "1": 5,
      "2": 5,
      "3": 5,
      "4": 5,
      "5": 3,
      "6": 3,
      "7": 3,
      "8": 3,
      "9": 1,
      "10": 3,
      "11": 3,
      "12": 3,
      "13": 5,
      "14": 5,
      "15": 2,
      "16": 2,
      "17": 2,
      "18": 1,
      "19": 1,
      "20": 5,
      "21": 5,
      "22": 3,
      "23": 3,
      "24": 3,
      "25": 1,
      "26": 2,
      "27": 1,
      "28": 1,
      "29": 1,
      "30": 1,
      "31": 5,
      "32": 5,
      "33": 2,
      "34": 2,
      "35": 2,
      "36": 1,
      "37": 1,
      "38": 1,
      "39": 5
    },
    "f": { "0": 3, "1": 2, "2": 3, "3": 2 },
    "b": { "0": [1], "1": [1], "2": [1], "3": [1], "4": [1] }
  },
  "/Users/gedeon/Projects/Sync bridge/sync-bridge-express/src/api/controllers/sync-history/syncHistory.routes.ts": {
    "path": "/Users/gedeon/Projects/Sync bridge/sync-bridge-express/src/api/controllers/sync-history/syncHistory.routes.ts",
    "statementMap": {
      "0": { "start": { "line": 1, "column": 0 }, "end": { "line": 1, "column": 33 } },
      "1": { "start": { "line": 2, "column": 0 }, "end": { "line": 2, "column": 66 } },
      "2": { "start": { "line": 4, "column": 15 }, "end": { "line": 4, "column": 23 } },
      "3": { "start": { "line": 37, "column": 0 }, "end": { "line": 37, "column": 46 } },
      "4": { "start": { "line": 62, "column": 0 }, "end": { "line": 62, "column": 50 } },
      "5": { "start": { "line": 89, "column": 0 }, "end": { "line": 89, "column": 55 } },
      "6": { "start": { "line": 114, "column": 0 }, "end": { "line": 114, "column": 56 } },
      "7": { "start": { "line": 116, "column": 0 }, "end": { "line": 116, "column": 22 } }
    },
    "fnMap": {},
    "branchMap": {},
    "s": { "0": 5, "1": 5, "2": 5, "3": 5, "4": 5, "5": 5, "6": 5, "7": 5 },
    "f": {},
    "b": {}
  },
  "/Users/gedeon/Projects/Sync bridge/sync-bridge-express/src/constants/httpCodes.ts": {
    "path": "/Users/gedeon/Projects/Sync bridge/sync-bridge-express/src/constants/httpCodes.ts",
    "statementMap": {
      "0": { "start": { "line": 1, "column": 13 }, "end": { "line": 16, "column": 2 } },
      "1": { "start": { "line": 18, "column": 0 }, "end": { "line": 18, "column": 25 } }
    },
    "fnMap": {},
    "branchMap": {},
    "s": { "0": 6, "1": 6 },
    "f": {},
    "b": {}
  },
  "/Users/gedeon/Projects/Sync bridge/sync-bridge-express/src/databases/sequelize.ts": {
    "path": "/Users/gedeon/Projects/Sync bridge/sync-bridge-express/src/databases/sequelize.ts",
    "statementMap": {
      "0": { "start": { "line": 1, "column": 0 }, "end": { "line": 1, "column": 67 } },
      "1": { "start": { "line": 2, "column": 0 }, "end": { "line": 2, "column": 49 } },
      "2": { "start": { "line": 3, "column": 0 }, "end": { "line": 3, "column": 43 } },
      "3": { "start": { "line": 4, "column": 0 }, "end": { "line": 4, "column": 48 } },
      "4": { "start": { "line": 5, "column": 0 }, "end": { "line": 5, "column": 46 } },
      "5": { "start": { "line": 6, "column": 0 }, "end": { "line": 6, "column": 42 } },
      "6": { "start": { "line": 7, "column": 0 }, "end": { "line": 7, "column": 50 } },
      "7": { "start": { "line": 8, "column": 0 }, "end": { "line": 8, "column": 53 } },
      "8": { "start": { "line": 9, "column": 0 }, "end": { "line": 9, "column": 47 } },
      "9": { "start": { "line": 11, "column": 14 }, "end": { "line": 11, "column": 46 } },
      "10": { "start": { "line": 13, "column": 23 }, "end": { "line": 55, "column": 1 } },
      "11": { "start": { "line": 14, "column": 19 }, "end": { "line": 14, "column": 43 } },
      "12": { "start": { "line": 16, "column": 36 }, "end": { "line": 27, "column": 4 } },
      "13": { "start": { "line": 23, "column": 12 }, "end": { "line": 23, "column": 47 } },
      "14": { "start": { "line": 29, "column": 2 }, "end": { "line": 52, "column": 3 } },
      "15": { "start": { "line": 31, "column": 4 }, "end": { "line": 34, "column": 6 } },
      "16": { "start": { "line": 35, "column": 9 }, "end": { "line": 52, "column": 3 } },
      "17": { "start": { "line": 36, "column": 4 }, "end": { "line": 36, "column": 33 } },
      "18": { "start": { "line": 37, "column": 4 }, "end": { "line": 41, "column": 6 } },
      "19": { "start": { "line": 43, "column": 4 }, "end": { "line": 43, "column": 53 } },
      "20": { "start": { "line": 44, "column": 4 }, "end": { "line": 47, "column": 6 } },
      "21": { "start": { "line": 48, "column": 4 }, "end": { "line": 50, "column": 6 } },
      "22": { "start": { "line": 51, "column": 4 }, "end": { "line": 51, "column": 31 } },
      "23": { "start": { "line": 54, "column": 2 }, "end": { "line": 54, "column": 37 } },
      "24": { "start": { "line": 13, "column": 13 }, "end": { "line": 13, "column": 23 } },
      "25": { "start": { "line": 57, "column": 13 }, "end": { "line": 57, "column": 40 } },
      "26": { "start": { "line": 59, "column": 13 }, "end": { "line": 59, "column": 68 } },
      "27": { "start": { "line": 60, "column": 13 }, "end": { "line": 60, "column": 66 } },
      "28": { "start": { "line": 61, "column": 13 }, "end": { "line": 61, "column": 62 } },
      "29": { "start": { "line": 62, "column": 13 }, "end": { "line": 62, "column": 70 } },
      "30": { "start": { "line": 63, "column": 13 }, "end": { "line": 63, "column": 74 } },
      "31": { "start": { "line": 64, "column": 13 }, "end": { "line": 64, "column": 68 } }
    },
    "fnMap": {
      "0": {
        "name": "(anonymous_1)",
        "decl": { "start": { "line": 13, "column": 23 }, "end": { "line": 13, "column": 24 } },
        "loc": { "start": { "line": 13, "column": 39 }, "end": { "line": 55, "column": 1 } }
      },
      "1": {
        "name": "(anonymous_2)",
        "decl": { "start": { "line": 21, "column": 10 }, "end": { "line": 21, "column": 11 } },
        "loc": { "start": { "line": 21, "column": 26 }, "end": { "line": 24, "column": 11 } }
      }
    },
    "branchMap": {
      "0": {
        "loc": { "start": { "line": 20, "column": 6 }, "end": { "line": 25, "column": 15 } },
        "type": "cond-expr",
        "locations": [
          { "start": { "line": 21, "column": 10 }, "end": { "line": 24, "column": 11 } },
          { "start": { "line": 25, "column": 10 }, "end": { "line": 25, "column": 15 } }
        ]
      },
      "1": {
        "loc": { "start": { "line": 26, "column": 13 }, "end": { "line": 26, "column": 45 } },
        "type": "cond-expr",
        "locations": [
          { "start": { "line": 26, "column": 24 }, "end": { "line": 26, "column": 32 } },
          { "start": { "line": 26, "column": 35 }, "end": { "line": 26, "column": 45 } }
        ]
      },
      "2": {
        "loc": { "start": { "line": 29, "column": 2 }, "end": { "line": 52, "column": 3 } },
        "type": "if",
        "locations": [
          { "start": { "line": 29, "column": 2 }, "end": { "line": 52, "column": 3 } },
          { "start": { "line": 35, "column": 9 }, "end": { "line": 52, "column": 3 } }
        ]
      },
      "3": {
        "loc": { "start": { "line": 29, "column": 6 }, "end": { "line": 29, "column": 76 } },
        "type": "binary-expr",
        "locations": [
          { "start": { "line": 29, "column": 6 }, "end": { "line": 29, "column": 14 } },
          { "start": { "line": 29, "column": 18 }, "end": { "line": 29, "column": 43 } },
          { "start": { "line": 29, "column": 47 }, "end": { "line": 29, "column": 76 } }
        ]
      },
      "4": {
        "loc": { "start": { "line": 32, "column": 24 }, "end": { "line": 32, "column": 63 } },
        "type": "binary-expr",
        "locations": [
          { "start": { "line": 32, "column": 24 }, "end": { "line": 32, "column": 43 } },
          { "start": { "line": 32, "column": 47 }, "end": { "line": 32, "column": 63 } }
        ]
      },
      "5": {
        "loc": { "start": { "line": 33, "column": 24 }, "end": { "line": 33, "column": 60 } },
        "type": "binary-expr",
        "locations": [
          { "start": { "line": 33, "column": 24 }, "end": { "line": 33, "column": 43 } },
          { "start": { "line": 33, "column": 47 }, "end": { "line": 33, "column": 60 } }
        ]
      },
      "6": {
        "loc": { "start": { "line": 35, "column": 9 }, "end": { "line": 52, "column": 3 } },
        "type": "if",
        "locations": [
          { "start": { "line": 35, "column": 9 }, "end": { "line": 52, "column": 3 } },
          { "start": { "line": 42, "column": 9 }, "end": { "line": 52, "column": 3 } }
        ]
      },
      "7": {
        "loc": { "start": { "line": 43, "column": 21 }, "end": { "line": 43, "column": 52 } },
        "type": "binary-expr",
        "locations": [
          { "start": { "line": 43, "column": 21 }, "end": { "line": 43, "column": 40 } },
          { "start": { "line": 43, "column": 44 }, "end": { "line": 43, "column": 52 } }
        ]
      }
    },
    "s": {
      "0": 7,
      "1": 7,
      "2": 7,
      "3": 7,
      "4": 7,
      "5": 7,
      "6": 7,
      "7": 7,
      "8": 7,
      "9": 7,
      "10": 7,
      "11": 12,
      "12": 12,
      "13": 1,
      "14": 12,
      "15": 2,
      "16": 10,
      "17": 9,
      "18": 9,
      "19": 1,
      "20": 1,
      "21": 1,
      "22": 1,
      "23": 12,
      "24": 7,
      "25": 7,
      "26": 7,
      "27": 7,
      "28": 7,
      "29": 7,
      "30": 7,
      "31": 7
    },
    "f": { "0": 12, "1": 1 },
    "b": {
      "0": [1, 11],
      "1": [11, 1],
      "2": [2, 10],
      "3": [12, 11, 2],
      "4": [2, 1],
      "5": [2, 1],
      "6": [9, 1],
      "7": [1, 0]
    }
  },
  "/Users/gedeon/Projects/Sync bridge/sync-bridge-express/src/databases/models/customers.model.ts": {
    "path": "/Users/gedeon/Projects/Sync bridge/sync-bridge-express/src/databases/models/customers.model.ts",
    "statementMap": {
      "0": { "start": { "line": 1, "column": 0 }, "end": { "line": 1, "column": null } },
      "1": { "start": { "line": 21, "column": 15 }, "end": { "line": 61, "column": null } },
      "2": { "start": { "line": 25, "column": 2 }, "end": { "line": 25, "column": null } },
      "3": { "start": { "line": 33, "column": 2 }, "end": { "line": 33, "column": null } },
      "4": { "start": { "line": 37, "column": 2 }, "end": { "line": 37, "column": null } },
      "5": { "start": { "line": 41, "column": 2 }, "end": { "line": 41, "column": null } },
      "6": { "start": { "line": 46, "column": 2 }, "end": { "line": 46, "column": null } },
      "7": { "start": { "line": 54, "column": 2 }, "end": { "line": 54, "column": null } },
      "8": { "start": { "line": 51, "column": 6 }, "end": { "line": 51, "column": 84 } },
      "9": { "start": { "line": 57, "column": 2 }, "end": { "line": 57, "column": null } },
      "10": { "start": { "line": 60, "column": 2 }, "end": { "line": 60, "column": null } },
      "11": { "start": { "line": 21, "column": 21 }, "end": { "line": 61, "column": null } },
      "12": { "start": { "line": 21, "column": 21 }, "end": { "line": 21, "column": 30 } }
    },
    "fnMap": {
      "0": {
        "name": "(anonymous_2)",
        "decl": { "start": { "line": 50, "column": 4 }, "end": { "line": 50, "column": 7 } },
        "loc": { "start": { "line": 50, "column": 7 }, "end": { "line": 52, "column": 5 } }
      }
    },
    "branchMap": {},
    "s": { "0": 7, "1": 7, "2": 7, "3": 7, "4": 7, "5": 7, "6": 7, "7": 7, "8": 1, "9": 7, "10": 7, "11": 7, "12": 7 },
    "f": { "0": 1 },
    "b": {}
  },
  "/Users/gedeon/Projects/Sync bridge/sync-bridge-express/src/databases/models/employee.model.ts": {
    "path": "/Users/gedeon/Projects/Sync bridge/sync-bridge-express/src/databases/models/employee.model.ts",
    "statementMap": {
      "0": { "start": { "line": 1, "column": 0 }, "end": { "line": 1, "column": 82 } },
      "1": { "start": { "line": 2, "column": 0 }, "end": { "line": 2, "column": 54 } },
      "2": { "start": { "line": 9, "column": 7 }, "end": { "line": 98, "column": null } },
      "3": { "start": { "line": 9, "column": 13 }, "end": { "line": 9, "column": 21 } },
      "4": { "start": { "line": 13, "column": 2 }, "end": { "line": 13, "column": null } },
      "5": { "start": { "line": 10, "column": 15 }, "end": { "line": 10, "column": 18 } },
      "6": { "start": { "line": 17, "column": 2 }, "end": { "line": 17, "column": null } },
      "7": { "start": { "line": 21, "column": 2 }, "end": { "line": 21, "column": null } },
      "8": { "start": { "line": 25, "column": 2 }, "end": { "line": 25, "column": null } },
      "9": { "start": { "line": 29, "column": 2 }, "end": { "line": 29, "column": null } },
      "10": { "start": { "line": 33, "column": 2 }, "end": { "line": 33, "column": null } },
      "11": { "start": { "line": 37, "column": 2 }, "end": { "line": 37, "column": null } },
      "12": { "start": { "line": 41, "column": 2 }, "end": { "line": 41, "column": null } },
      "13": { "start": { "line": 45, "column": 2 }, "end": { "line": 45, "column": null } },
      "14": { "start": { "line": 49, "column": 2 }, "end": { "line": 49, "column": null } },
      "15": { "start": { "line": 53, "column": 2 }, "end": { "line": 53, "column": null } },
      "16": { "start": { "line": 57, "column": 2 }, "end": { "line": 57, "column": null } },
      "17": { "start": { "line": 61, "column": 2 }, "end": { "line": 61, "column": null } },
      "18": { "start": { "line": 65, "column": 2 }, "end": { "line": 65, "column": null } },
      "19": { "start": { "line": 69, "column": 2 }, "end": { "line": 69, "column": null } },
      "20": { "start": { "line": 73, "column": 2 }, "end": { "line": 73, "column": null } },
      "21": { "start": { "line": 77, "column": 2 }, "end": { "line": 77, "column": null } },
      "22": { "start": { "line": 81, "column": 2 }, "end": { "line": 81, "column": null } },
      "23": { "start": { "line": 85, "column": 2 }, "end": { "line": 85, "column": null } },
      "24": { "start": { "line": 89, "column": 2 }, "end": { "line": 89, "column": null } },
      "25": { "start": { "line": 93, "column": 2 }, "end": { "line": 93, "column": null } },
      "26": { "start": { "line": 97, "column": 2 }, "end": { "line": 97, "column": null } },
      "27": { "start": { "line": 9, "column": 13 }, "end": { "line": 98, "column": null } },
      "28": { "start": { "line": 100, "column": 0 }, "end": { "line": 100, "column": 24 } }
    },
    "fnMap": {
      "0": {
        "name": "(anonymous_2)",
        "decl": { "start": { "line": 10, "column": 9 }, "end": { "line": 10, "column": 12 } },
        "loc": { "start": { "line": 10, "column": 15 }, "end": { "line": 10, "column": 18 } }
      }
    },
    "branchMap": {},
    "s": {
      "0": 7,
      "1": 7,
      "2": 7,
      "3": 7,
      "4": 7,
      "5": 0,
      "6": 7,
      "7": 7,
      "8": 7,
      "9": 7,
      "10": 7,
      "11": 7,
      "12": 7,
      "13": 7,
      "14": 7,
      "15": 7,
      "16": 7,
      "17": 7,
      "18": 7,
      "19": 7,
      "20": 7,
      "21": 7,
      "22": 7,
      "23": 7,
      "24": 7,
      "25": 7,
      "26": 7,
      "27": 7,
      "28": 7
    },
    "f": { "0": 0 },
    "b": {}
  },
  "/Users/gedeon/Projects/Sync bridge/sync-bridge-express/src/databases/models/orderItems.model.ts": {
    "path": "/Users/gedeon/Projects/Sync bridge/sync-bridge-express/src/databases/models/orderItems.model.ts",
    "statementMap": {
      "0": { "start": { "line": 1, "column": 0 }, "end": { "line": 1, "column": null } },
      "1": { "start": { "line": 12, "column": 0 }, "end": { "line": 12, "column": 35 } },
      "2": { "start": { "line": 13, "column": 0 }, "end": { "line": 13, "column": 39 } },
      "3": { "start": { "line": 19, "column": 15 }, "end": { "line": 56, "column": null } },
      "4": { "start": { "line": 23, "column": 2 }, "end": { "line": 23, "column": null } },
      "5": { "start": { "line": 28, "column": 2 }, "end": { "line": 28, "column": null } },
      "6": { "start": { "line": 25, "column": 20 }, "end": { "line": 25, "column": 25 } },
      "7": { "start": { "line": 31, "column": 2 }, "end": { "line": 31, "column": null } },
      "8": { "start": { "line": 30, "column": 19 }, "end": { "line": 30, "column": 24 } },
      "9": { "start": { "line": 36, "column": 2 }, "end": { "line": 36, "column": null } },
      "10": { "start": { "line": 33, "column": 20 }, "end": { "line": 33, "column": 27 } },
      "11": { "start": { "line": 39, "column": 2 }, "end": { "line": 39, "column": null } },
      "12": { "start": { "line": 38, "column": 19 }, "end": { "line": 38, "column": 26 } },
      "13": { "start": { "line": 43, "column": 2 }, "end": { "line": 43, "column": null } },
      "14": { "start": { "line": 47, "column": 2 }, "end": { "line": 47, "column": null } },
      "15": { "start": { "line": 55, "column": 2 }, "end": { "line": 55, "column": null } },
      "16": { "start": { "line": 52, "column": 6 }, "end": { "line": 52, "column": 72 } },
      "17": { "start": { "line": 19, "column": 21 }, "end": { "line": 56, "column": null } },
      "18": { "start": { "line": 19, "column": 21 }, "end": { "line": 19, "column": 31 } }
    },
    "fnMap": {
      "0": {
        "name": "(anonymous_3)",
        "decl": { "start": { "line": 25, "column": 14 }, "end": { "line": 25, "column": 17 } },
        "loc": { "start": { "line": 25, "column": 20 }, "end": { "line": 25, "column": 25 } }
      },
      "1": {
        "name": "(anonymous_4)",
        "decl": { "start": { "line": 30, "column": 13 }, "end": { "line": 30, "column": 16 } },
        "loc": { "start": { "line": 30, "column": 19 }, "end": { "line": 30, "column": 24 } }
      },
      "2": {
        "name": "(anonymous_5)",
        "decl": { "start": { "line": 33, "column": 14 }, "end": { "line": 33, "column": 17 } },
        "loc": { "start": { "line": 33, "column": 20 }, "end": { "line": 33, "column": 27 } }
      },
      "3": {
        "name": "(anonymous_6)",
        "decl": { "start": { "line": 38, "column": 13 }, "end": { "line": 38, "column": 16 } },
        "loc": { "start": { "line": 38, "column": 19 }, "end": { "line": 38, "column": 26 } }
      },
      "4": {
        "name": "(anonymous_7)",
        "decl": { "start": { "line": 51, "column": 4 }, "end": { "line": 51, "column": 7 } },
        "loc": { "start": { "line": 51, "column": 7 }, "end": { "line": 53, "column": 5 } }
      }
    },
    "branchMap": {},
    "s": {
      "0": 7,
      "1": 7,
      "2": 7,
      "3": 7,
      "4": 7,
      "5": 7,
      "6": 30,
      "7": 7,
      "8": 12,
      "9": 7,
      "10": 6,
      "11": 7,
      "12": 12,
      "13": 7,
      "14": 7,
      "15": 7,
      "16": 2,
      "17": 7,
      "18": 7
    },
    "f": { "0": 30, "1": 12, "2": 6, "3": 12, "4": 2 },
    "b": {}
  },
  "/Users/gedeon/Projects/Sync bridge/sync-bridge-express/src/databases/models/orders.model.ts": {
    "path": "/Users/gedeon/Projects/Sync bridge/sync-bridge-express/src/databases/models/orders.model.ts",
    "statementMap": {
      "0": { "start": { "line": 1, "column": 0 }, "end": { "line": 1, "column": null } },
      "1": { "start": { "line": 16, "column": 0 }, "end": { "line": 16, "column": 41 } },
      "2": { "start": { "line": 17, "column": 0 }, "end": { "line": 17, "column": 43 } },
      "3": { "start": { "line": 25, "column": 15 }, "end": { "line": 67, "column": null } },
      "4": { "start": { "line": 29, "column": 2 }, "end": { "line": 29, "column": null } },
      "5": { "start": { "line": 36, "column": 2 }, "end": { "line": 36, "column": null } },
      "6": { "start": { "line": 41, "column": 2 }, "end": { "line": 41, "column": null } },
      "7": { "start": { "line": 38, "column": 20 }, "end": { "line": 38, "column": 28 } },
      "8": { "start": { "line": 44, "column": 2 }, "end": { "line": 44, "column": null } },
      "9": { "start": { "line": 43, "column": 19 }, "end": { "line": 43, "column": 27 } },
      "10": { "start": { "line": 47, "column": 2 }, "end": { "line": 47, "column": null } },
      "11": { "start": { "line": 46, "column": 17 }, "end": { "line": 46, "column": 26 } },
      "12": { "start": { "line": 51, "column": 2 }, "end": { "line": 51, "column": null } },
      "13": { "start": { "line": 56, "column": 2 }, "end": { "line": 56, "column": null } },
      "14": { "start": { "line": 60, "column": 2 }, "end": { "line": 60, "column": null } },
      "15": { "start": { "line": 63, "column": 2 }, "end": { "line": 63, "column": null } },
      "16": { "start": { "line": 66, "column": 2 }, "end": { "line": 66, "column": null } },
      "17": { "start": { "line": 25, "column": 21 }, "end": { "line": 67, "column": null } },
      "18": { "start": { "line": 25, "column": 21 }, "end": { "line": 25, "column": 27 } }
    },
    "fnMap": {
      "0": {
        "name": "(anonymous_3)",
        "decl": { "start": { "line": 38, "column": 14 }, "end": { "line": 38, "column": 17 } },
        "loc": { "start": { "line": 38, "column": 20 }, "end": { "line": 38, "column": 28 } }
      },
      "1": {
        "name": "(anonymous_4)",
        "decl": { "start": { "line": 43, "column": 13 }, "end": { "line": 43, "column": 16 } },
        "loc": { "start": { "line": 43, "column": 19 }, "end": { "line": 43, "column": 27 } }
      },
      "2": {
        "name": "(anonymous_5)",
        "decl": { "start": { "line": 46, "column": 11 }, "end": { "line": 46, "column": 14 } },
        "loc": { "start": { "line": 46, "column": 17 }, "end": { "line": 46, "column": 26 } }
      }
    },
    "branchMap": {},
    "s": {
      "0": 7,
      "1": 7,
      "2": 7,
      "3": 7,
      "4": 7,
      "5": 7,
      "6": 7,
      "7": 6,
      "8": 7,
      "9": 12,
      "10": 7,
      "11": 12,
      "12": 7,
      "13": 7,
      "14": 7,
      "15": 7,
      "16": 7,
      "17": 7,
      "18": 7
    },
    "f": { "0": 6, "1": 12, "2": 12 },
    "b": {}
  },
  "/Users/gedeon/Projects/Sync bridge/sync-bridge-express/src/databases/models/products.model.ts": {
    "path": "/Users/gedeon/Projects/Sync bridge/sync-bridge-express/src/databases/models/products.model.ts",
    "statementMap": {
      "0": { "start": { "line": 1, "column": 0 }, "end": { "line": 1, "column": null } },
      "1": { "start": { "line": 20, "column": 15 }, "end": { "line": 55, "column": null } },
      "2": { "start": { "line": 24, "column": 2 }, "end": { "line": 24, "column": null } },
      "3": { "start": { "line": 28, "column": 2 }, "end": { "line": 28, "column": null } },
      "4": { "start": { "line": 31, "column": 2 }, "end": { "line": 31, "column": null } },
      "5": { "start": { "line": 35, "column": 2 }, "end": { "line": 35, "column": null } },
      "6": { "start": { "line": 40, "column": 2 }, "end": { "line": 40, "column": null } },
      "7": { "start": { "line": 45, "column": 2 }, "end": { "line": 45, "column": null } },
      "8": { "start": { "line": 48, "column": 2 }, "end": { "line": 48, "column": null } },
      "9": { "start": { "line": 51, "column": 2 }, "end": { "line": 51, "column": null } },
      "10": { "start": { "line": 54, "column": 2 }, "end": { "line": 54, "column": null } },
      "11": { "start": { "line": 20, "column": 21 }, "end": { "line": 55, "column": null } },
      "12": { "start": { "line": 20, "column": 21 }, "end": { "line": 20, "column": 29 } }
    },
    "fnMap": {},
    "branchMap": {},
    "s": { "0": 7, "1": 7, "2": 7, "3": 7, "4": 7, "5": 7, "6": 7, "7": 7, "8": 7, "9": 7, "10": 7, "11": 7, "12": 7 },
    "f": {},
    "b": {}
  },
  "/Users/gedeon/Projects/Sync bridge/sync-bridge-express/src/databases/models/syncHistory.model.ts": {
    "path": "/Users/gedeon/Projects/Sync bridge/sync-bridge-express/src/databases/models/syncHistory.model.ts",
    "statementMap": {
      "0": { "start": { "line": 1, "column": 0 }, "end": { "line": 1, "column": null } },
      "1": { "start": { "line": 14, "column": 0 }, "end": { "line": 14, "column": null } },
      "2": { "start": { "line": 15, "column": 2 }, "end": { "line": 15, "column": null } },
      "3": { "start": { "line": 16, "column": 2 }, "end": { "line": 16, "column": null } },
      "4": { "start": { "line": 17, "column": 2 }, "end": { "line": 17, "column": null } },
      "5": { "start": { "line": 18, "column": 2 }, "end": { "line": 18, "column": null } },
      "6": { "start": { "line": 27, "column": 15 }, "end": { "line": 55, "column": null } },
      "7": { "start": { "line": 31, "column": 2 }, "end": { "line": 31, "column": null } },
      "8": { "start": { "line": 35, "column": 2 }, "end": { "line": 35, "column": null } },
      "9": { "start": { "line": 40, "column": 2 }, "end": { "line": 40, "column": null } },
      "10": { "start": { "line": 43, "column": 2 }, "end": { "line": 43, "column": null } },
      "11": { "start": { "line": 48, "column": 2 }, "end": { "line": 48, "column": null } },
      "12": { "start": { "line": 51, "column": 2 }, "end": { "line": 51, "column": null } },
      "13": { "start": { "line": 54, "column": 2 }, "end": { "line": 54, "column": null } },
      "14": { "start": { "line": 27, "column": 21 }, "end": { "line": 55, "column": null } },
      "15": { "start": { "line": 27, "column": 21 }, "end": { "line": 27, "column": 33 } }
    },
    "fnMap": {
      "0": {
        "name": "(anonymous_2)",
        "decl": { "start": { "line": 14, "column": 0 }, "end": { "line": 14, "column": 12 } },
        "loc": { "start": { "line": 14, "column": 22 }, "end": { "line": 19, "column": 1 } }
      }
    },
    "branchMap": {
      "0": {
        "loc": { "start": { "line": 14, "column": 12 }, "end": { "line": 14, "column": null } },
        "type": "binary-expr",
        "locations": [
          { "start": { "line": 14, "column": 12 }, "end": { "line": 14, "column": 22 } },
          { "start": { "line": 14, "column": 22 }, "end": { "line": 14, "column": null } }
        ]
      }
    },
    "s": {
      "0": 7,
      "1": 7,
      "2": 7,
      "3": 7,
      "4": 7,
      "5": 7,
      "6": 7,
      "7": 7,
      "8": 7,
      "9": 7,
      "10": 7,
      "11": 7,
      "12": 7,
      "13": 7,
      "14": 7,
      "15": 7
    },
    "f": { "0": 7 },
    "b": { "0": [7, 7] }
  },
  "/Users/gedeon/Projects/Sync bridge/sync-bridge-express/src/helpers/customEnv.ts": {
    "path": "/Users/gedeon/Projects/Sync bridge/sync-bridge-express/src/helpers/customEnv.ts",
    "statementMap": {
      "0": { "start": { "line": 1, "column": 0 }, "end": { "line": 1, "column": 32 } },
      "1": { "start": { "line": 3, "column": 18 }, "end": { "line": 14, "column": 12 } },
      "2": { "start": { "line": 16, "column": 34 }, "end": { "line": 16, "column": 65 } },
      "3": { "start": { "line": 18, "column": 0 }, "end": { "line": 20, "column": 1 } },
      "4": { "start": { "line": 19, "column": 2 }, "end": { "line": 19, "column": 69 } },
      "5": { "start": { "line": 22, "column": 13 }, "end": { "line": 33, "column": 2 } }
    },
    "fnMap": {},
    "branchMap": {
      "0": {
        "loc": { "start": { "line": 18, "column": 0 }, "end": { "line": 20, "column": 1 } },
        "type": "if",
        "locations": [{ "start": { "line": 18, "column": 0 }, "end": { "line": 20, "column": 1 } }]
      }
    },
    "s": { "0": 11, "1": 11, "2": 11, "3": 11, "4": 1, "5": 10 },
    "f": {},
    "b": { "0": [1] }
  },
  "/Users/gedeon/Projects/Sync bridge/sync-bridge-express/src/helpers/getPagination.ts": {
    "path": "/Users/gedeon/Projects/Sync bridge/sync-bridge-express/src/helpers/getPagination.ts",
    "statementMap": {
      "0": { "start": { "line": 3, "column": 29 }, "end": { "line": 13, "column": 1 } },
      "1": { "start": { "line": 4, "column": 16 }, "end": { "line": 4, "column": 92 } },
      "2": { "start": { "line": 5, "column": 15 }, "end": { "line": 5, "column": 87 } },
      "3": { "start": { "line": 6, "column": 17 }, "end": { "line": 6, "column": 35 } },
      "4": { "start": { "line": 8, "column": 2 }, "end": { "line": 12, "column": 4 } },
      "5": { "start": { "line": 3, "column": 13 }, "end": { "line": 3, "column": 29 } }
    },
    "fnMap": {
      "0": {
        "name": "(anonymous_0)",
        "decl": { "start": { "line": 3, "column": 29 }, "end": { "line": 3, "column": 30 } },
        "loc": { "start": { "line": 3, "column": 65 }, "end": { "line": 13, "column": 1 } }
      }
    },
    "branchMap": {
      "0": {
        "loc": { "start": { "line": 4, "column": 16 }, "end": { "line": 4, "column": 92 } },
        "type": "cond-expr",
        "locations": [
          { "start": { "line": 4, "column": 67 }, "end": { "line": 4, "column": 87 } },
          { "start": { "line": 4, "column": 90 }, "end": { "line": 4, "column": 92 } }
        ]
      },
      "1": {
        "loc": { "start": { "line": 4, "column": 16 }, "end": { "line": 4, "column": 64 } },
        "type": "binary-expr",
        "locations": [
          { "start": { "line": 4, "column": 16 }, "end": { "line": 4, "column": 36 } },
          { "start": { "line": 4, "column": 40 }, "end": { "line": 4, "column": 64 } }
        ]
      },
      "2": {
        "loc": { "start": { "line": 5, "column": 15 }, "end": { "line": 5, "column": 87 } },
        "type": "cond-expr",
        "locations": [
          { "start": { "line": 5, "column": 64 }, "end": { "line": 5, "column": 83 } },
          { "start": { "line": 5, "column": 86 }, "end": { "line": 5, "column": 87 } }
        ]
      },
      "3": {
        "loc": { "start": { "line": 5, "column": 15 }, "end": { "line": 5, "column": 61 } },
        "type": "binary-expr",
        "locations": [
          { "start": { "line": 5, "column": 15 }, "end": { "line": 5, "column": 34 } },
          { "start": { "line": 5, "column": 38 }, "end": { "line": 5, "column": 61 } }
        ]
      }
    },
    "s": { "0": 6, "1": 7, "2": 7, "3": 7, "4": 7, "5": 6 },
    "f": { "0": 7 },
    "b": { "0": [1, 6], "1": [7, 2], "2": [1, 6], "3": [7, 2] }
  },
  "/Users/gedeon/Projects/Sync bridge/sync-bridge-express/src/helpers/logger.ts": {
    "path": "/Users/gedeon/Projects/Sync bridge/sync-bridge-express/src/helpers/logger.ts",
    "statementMap": {
      "0": { "start": { "line": 1, "column": 0 }, "end": { "line": 1, "column": 28 } },
      "1": { "start": { "line": 2, "column": 0 }, "end": { "line": 2, "column": 40 } },
      "2": { "start": { "line": 4, "column": 33 }, "end": { "line": 9, "column": 2 } },
      "3": { "start": { "line": 11, "column": 13 }, "end": { "line": 34, "column": 3 } },
      "4": { "start": { "line": 17, "column": 6 }, "end": { "line": 17, "column": 27 } },
      "5": { "start": { "line": 17, "column": 16 }, "end": { "line": 17, "column": 27 } },
      "6": { "start": { "line": 18, "column": 31 }, "end": { "line": 18, "column": 49 } },
      "7": { "start": { "line": 19, "column": 6 }, "end": { "line": 19, "column": 92 } },
      "8": { "start": { "line": 19, "column": 44 }, "end": { "line": 19, "column": 92 } },
      "9": { "start": { "line": 20, "column": 6 }, "end": { "line": 20, "column": 94 } },
      "10": { "start": { "line": 20, "column": 45 }, "end": { "line": 20, "column": 94 } },
      "11": { "start": { "line": 22, "column": 6 }, "end": { "line": 29, "column": 8 } }
    },
    "fnMap": {
      "0": {
        "name": "(anonymous_1)",
        "decl": { "start": { "line": 16, "column": 9 }, "end": { "line": 16, "column": 10 } },
        "loc": { "start": { "line": 16, "column": 17 }, "end": { "line": 30, "column": 5 } }
      }
    },
    "branchMap": {
      "0": {
        "loc": { "start": { "line": 17, "column": 6 }, "end": { "line": 17, "column": 27 } },
        "type": "if",
        "locations": [{ "start": { "line": 17, "column": 6 }, "end": { "line": 17, "column": 27 } }]
      },
      "1": {
        "loc": { "start": { "line": 19, "column": 6 }, "end": { "line": 19, "column": 92 } },
        "type": "if",
        "locations": [{ "start": { "line": 19, "column": 6 }, "end": { "line": 19, "column": 92 } }]
      },
      "2": {
        "loc": { "start": { "line": 20, "column": 6 }, "end": { "line": 20, "column": 94 } },
        "type": "if",
        "locations": [{ "start": { "line": 20, "column": 6 }, "end": { "line": 20, "column": 94 } }]
      },
      "3": {
        "loc": { "start": { "line": 27, "column": 23 }, "end": { "line": 27, "column": 80 } },
        "type": "cond-expr",
        "locations": [
          { "start": { "line": 27, "column": 40 }, "end": { "line": 27, "column": 68 } },
          { "start": { "line": 27, "column": 71 }, "end": { "line": 27, "column": 80 } }
        ]
      },
      "4": {
        "loc": { "start": { "line": 28, "column": 20 }, "end": { "line": 28, "column": 74 } },
        "type": "cond-expr",
        "locations": [
          { "start": { "line": 28, "column": 37 }, "end": { "line": 28, "column": 62 } },
          { "start": { "line": 28, "column": 65 }, "end": { "line": 28, "column": 74 } }
        ]
      }
    },
    "s": { "0": 9, "1": 9, "2": 9, "3": 9, "4": 43, "5": 2, "6": 41, "7": 41, "8": 34, "9": 41, "10": 7, "11": 41 },
    "f": { "0": 43 },
    "b": { "0": [2], "1": [34], "2": [7], "3": [34, 7], "4": [34, 7] }
  },
  "/Users/gedeon/Projects/Sync bridge/sync-bridge-express/src/helpers/metrics.ts": {
    "path": "/Users/gedeon/Projects/Sync bridge/sync-bridge-express/src/helpers/metrics.ts",
    "statementMap": {
      "0": { "start": { "line": 2, "column": 0 }, "end": { "line": 2, "column": 33 } },
      "1": { "start": { "line": 4, "column": 13 }, "end": { "line": 4, "column": 66 } },
      "2": { "start": { "line": 5, "column": 13 }, "end": { "line": 5, "column": 40 } },
      "3": { "start": { "line": 7, "column": 13 }, "end": { "line": 12, "column": 3 } },
      "4": { "start": { "line": 15, "column": 2 }, "end": { "line": 15, "column": 48 } },
      "5": { "start": { "line": 16, "column": 2 }, "end": { "line": 16, "column": 36 } },
      "6": { "start": { "line": 14, "column": 0 }, "end": { "line": 14, "column": 7 } }
    },
    "fnMap": {
      "0": {
        "name": "metricsHandler",
        "decl": { "start": { "line": 14, "column": 22 }, "end": { "line": 14, "column": 36 } },
        "loc": { "start": { "line": 14, "column": 64 }, "end": { "line": 17, "column": 1 } }
      }
    },
    "branchMap": {},
    "s": { "0": 6, "1": 6, "2": 6, "3": 6, "4": 1, "5": 1, "6": 6 },
    "f": { "0": 1 },
    "b": {}
  },
  "/Users/gedeon/Projects/Sync bridge/sync-bridge-express/src/helpers/responseWrapper.ts": {
    "path": "/Users/gedeon/Projects/Sync bridge/sync-bridge-express/src/helpers/responseWrapper.ts",
    "statementMap": {
      "0": { "start": { "line": 5, "column": 2 }, "end": { "line": 9, "column": 5 } },
      "1": { "start": { "line": 4, "column": 0 }, "end": { "line": 4, "column": 16 } }
    },
    "fnMap": {
      "0": {
        "name": "responseWrapper",
        "decl": { "start": { "line": 4, "column": 16 }, "end": { "line": 4, "column": 31 } },
        "loc": { "start": { "line": 4, "column": 95 }, "end": { "line": 10, "column": 1 } }
      }
    },
    "branchMap": {},
    "s": { "0": 37, "1": 6 },
    "f": { "0": 37 },
    "b": {}
  },
  "/Users/gedeon/Projects/Sync bridge/sync-bridge-express/src/middlewares/auth.middleware.ts": {
    "path": "/Users/gedeon/Projects/Sync bridge/sync-bridge-express/src/middlewares/auth.middleware.ts",
    "statementMap": {
      "0": { "start": { "line": 2, "column": 0 }, "end": { "line": 2, "column": 28 } },
      "1": { "start": { "line": 3, "column": 0 }, "end": { "line": 3, "column": 61 } },
      "2": { "start": { "line": 4, "column": 0 }, "end": { "line": 4, "column": 47 } },
      "3": { "start": { "line": 5, "column": 0 }, "end": { "line": 5, "column": 49 } },
      "4": { "start": { "line": 8, "column": 15 }, "end": { "line": 8, "column": 29 } },
      "5": { "start": { "line": 9, "column": 15 }, "end": { "line": 9, "column": 29 } },
      "6": { "start": { "line": 10, "column": 2 }, "end": { "line": 14, "column": 3 } },
      "7": { "start": { "line": 12, "column": 4 }, "end": { "line": 12, "column": 71 } },
      "8": { "start": { "line": 13, "column": 4 }, "end": { "line": 13, "column": 17 } },
      "9": { "start": { "line": 15, "column": 2 }, "end": { "line": 15, "column": 76 } },
      "10": { "start": { "line": 18, "column": 22 }, "end": { "line": 34, "column": 1 } },
      "11": { "start": { "line": 19, "column": 2 }, "end": { "line": 33, "column": 3 } },
      "12": { "start": { "line": 20, "column": 23 }, "end": { "line": 20, "column": 50 } },
      "13": { "start": { "line": 21, "column": 24 }, "end": { "line": 21, "column": 51 } },
      "14": { "start": { "line": 23, "column": 4 }, "end": { "line": 29, "column": 5 } },
      "15": { "start": { "line": 24, "column": 6 }, "end": { "line": 28, "column": 9 } },
      "16": { "start": { "line": 30, "column": 4 }, "end": { "line": 30, "column": 11 } },
      "17": { "start": { "line": 32, "column": 4 }, "end": { "line": 32, "column": 23 } },
      "18": { "start": { "line": 18, "column": 13 }, "end": { "line": 18, "column": 22 } }
    },
    "fnMap": {
      "0": {
        "name": "safeCompare",
        "decl": { "start": { "line": 7, "column": 9 }, "end": { "line": 7, "column": 20 } },
        "loc": { "start": { "line": 7, "column": 41 }, "end": { "line": 16, "column": 1 } }
      },
      "1": {
        "name": "(anonymous_2)",
        "decl": { "start": { "line": 18, "column": 22 }, "end": { "line": 18, "column": 27 } },
        "loc": { "start": { "line": 18, "column": 80 }, "end": { "line": 34, "column": 1 } }
      }
    },
    "branchMap": {
      "0": {
        "loc": { "start": { "line": 10, "column": 2 }, "end": { "line": 14, "column": 3 } },
        "type": "if",
        "locations": [{ "start": { "line": 10, "column": 2 }, "end": { "line": 14, "column": 3 } }]
      },
      "1": {
        "loc": { "start": { "line": 23, "column": 4 }, "end": { "line": 29, "column": 5 } },
        "type": "if",
        "locations": [{ "start": { "line": 23, "column": 4 }, "end": { "line": 29, "column": 5 } }]
      },
      "2": {
[...]
        "locations": [
          { "start": { "line": 67, "column": 41 }, "end": { "line": 67, "column": 57 } },
          { "start": { "line": 67, "column": 55 }, "end": { "line": 67, "column": 57 } }
        ]
      },
      "24": {
        "loc": { "start": { "line": 67, "column": 41 }, "end": { "line": 67, "column": 55 } },
        "type": "cond-expr",
        "locations": [
          { "start": { "line": 67, "column": 46 }, "end": { "line": 67, "column": 48 } },
          { "start": { "line": 67, "column": 41 }, "end": { "line": 67, "column": 55 } }
        ]
      },
      "25": {
        "loc": { "start": { "line": 67, "column": 41 }, "end": { "line": 67, "column": 48 } },
        "type": "binary-expr",
        "locations": [
          { "start": { "line": 67, "column": 41 }, "end": { "line": 67, "column": 48 } },
          { "start": { "line": 67, "column": 41 }, "end": { "line": 67, "column": 48 } }
        ]
      },
      "26": {
        "loc": { "start": { "line": 67, "column": 80 }, "end": { "line": 67, "column": 94 } },
        "type": "cond-expr",
        "locations": [
          { "start": { "line": 67, "column": 85 }, "end": { "line": 67, "column": 87 } },
          { "start": { "line": 67, "column": 80 }, "end": { "line": 67, "column": 94 } }
        ]
      },
      "27": {
        "loc": { "start": { "line": 67, "column": 80 }, "end": { "line": 67, "column": 87 } },
        "type": "binary-expr",
        "locations": [
          { "start": { "line": 67, "column": 80 }, "end": { "line": 67, "column": 87 } },
          { "start": { "line": 67, "column": 80 }, "end": { "line": 67, "column": 87 } }
        ]
      },
      "28": {
        "loc": { "start": { "line": 69, "column": 4 }, "end": { "line": 69, "column": 50 } },
        "type": "cond-expr",
        "locations": [
          { "start": { "line": 69, "column": 18 }, "end": { "line": 69, "column": 22 } },
          { "start": { "line": 69, "column": 22 }, "end": { "line": 69, "column": 50 } }
        ]
      },
      "29": {
        "loc": { "start": { "line": 69, "column": 4 }, "end": { "line": 69, "column": 22 } },
        "type": "binary-expr",
        "locations": [
          { "start": { "line": 69, "column": 4 }, "end": { "line": 69, "column": 22 } },
          { "start": { "line": 69, "column": 18 }, "end": { "line": 69, "column": 22 } }
        ]
      },
      "30": {
        "loc": { "start": { "line": 69, "column": 4 }, "end": { "line": 69, "column": 18 } },
        "type": "cond-expr",
        "locations": [
          { "start": { "line": 69, "column": 9 }, "end": { "line": 69, "column": 11 } },
          { "start": { "line": 69, "column": 4 }, "end": { "line": 69, "column": 18 } }
        ]
      },
      "31": {
        "loc": { "start": { "line": 69, "column": 4 }, "end": { "line": 69, "column": 11 } },
        "type": "binary-expr",
        "locations": [
          { "start": { "line": 69, "column": 4 }, "end": { "line": 69, "column": 11 } },
          { "start": { "line": 69, "column": 4 }, "end": { "line": 69, "column": 11 } }
        ]
      },
      "32": {
        "loc": { "start": { "line": 72, "column": 17 }, "end": { "line": 72, "column": 115 } },
        "type": "cond-expr",
        "locations": [
          { "start": { "line": 72, "column": 43 }, "end": { "line": 72, "column": 64 } },
          { "start": { "line": 72, "column": 67 }, "end": { "line": 72, "column": 115 } }
        ]
      },
      "33": {
        "loc": { "start": { "line": 72, "column": 67 }, "end": { "line": 72, "column": 115 } },
        "type": "cond-expr",
        "locations": [
          { "start": { "line": 72, "column": 80 }, "end": { "line": 72, "column": 84 } },
          { "start": { "line": 72, "column": 84 }, "end": { "line": 72, "column": 115 } }
        ]
      },
      "34": {
        "loc": { "start": { "line": 72, "column": 67 }, "end": { "line": 72, "column": 84 } },
        "type": "binary-expr",
        "locations": [
          { "start": { "line": 72, "column": 67 }, "end": { "line": 72, "column": 84 } },
          { "start": { "line": 72, "column": 80 }, "end": { "line": 72, "column": 84 } }
        ]
      },
      "35": {
        "loc": { "start": { "line": 72, "column": 67 }, "end": { "line": 72, "column": 80 } },
        "type": "cond-expr",
        "locations": [
          { "start": { "line": 72, "column": 72 }, "end": { "line": 72, "column": 74 } },
          { "start": { "line": 72, "column": 67 }, "end": { "line": 72, "column": 80 } }
        ]
      },
      "36": {
        "loc": { "start": { "line": 72, "column": 67 }, "end": { "line": 72, "column": 74 } },
        "type": "binary-expr",
        "locations": [
          { "start": { "line": 72, "column": 67 }, "end": { "line": 72, "column": 74 } },
          { "start": { "line": 72, "column": 67 }, "end": { "line": 72, "column": 74 } }
        ]
      },
      "37": {
        "loc": { "start": { "line": 73, "column": 24 }, "end": { "line": 73, "column": 53 } },
        "type": "binary-expr",
        "locations": [
          { "start": { "line": 73, "column": 24 }, "end": { "line": 73, "column": 37 } },
          { "start": { "line": 73, "column": 41 }, "end": { "line": 73, "column": 53 } }
        ]
      },
      "38": {
        "loc": { "start": { "line": 75, "column": 19 }, "end": { "line": 101, "column": 8 } },
        "type": "cond-expr",
        "locations": [
          { "start": { "line": 76, "column": 6 }, "end": { "line": 86, "column": null } },
          { "start": { "line": 87, "column": 6 }, "end": { "line": 101, "column": 8 } }
        ]
      },
      "39": {
        "loc": { "start": { "line": 82, "column": 10 }, "end": { "line": 85, "column": null } },
        "type": "binary-expr",
        "locations": [
          { "start": { "line": 82, "column": 10 }, "end": { "line": 82, "column": 47 } },
          { "start": { "line": 83, "column": 10 }, "end": { "line": 83, "column": 46 } },
          { "start": { "line": 84, "column": 10 }, "end": { "line": 84, "column": 45 } },
          { "start": { "line": 85, "column": 10 }, "end": { "line": 85, "column": 44 } }
        ]
      },
      "40": {
        "loc": { "start": { "line": 82, "column": 10 }, "end": { "line": 82, "column": 47 } },
        "type": "cond-expr",
        "locations": [
          { "start": { "line": 82, "column": 38 }, "end": { "line": 82, "column": 40 } },
          { "start": { "line": 82, "column": 38 }, "end": { "line": 82, "column": 47 } }
        ]
      },
      "41": {
        "loc": { "start": { "line": 82, "column": 10 }, "end": { "line": 82, "column": 40 } },
        "type": "binary-expr",
        "locations": [
          { "start": { "line": 82, "column": 10 }, "end": { "line": 82, "column": 40 } },
          { "start": { "line": 82, "column": 38 }, "end": { "line": 82, "column": 40 } }
        ]
      },
      "42": {
        "loc": { "start": { "line": 83, "column": 10 }, "end": { "line": 83, "column": 46 } },
        "type": "cond-expr",
        "locations": [
          { "start": { "line": 83, "column": 37 }, "end": { "line": 83, "column": 39 } },
          { "start": { "line": 83, "column": 37 }, "end": { "line": 83, "column": 46 } }
        ]
      },
      "43": {
        "loc": { "start": { "line": 83, "column": 10 }, "end": { "line": 83, "column": 39 } },
        "type": "binary-expr",
        "locations": [
          { "start": { "line": 83, "column": 10 }, "end": { "line": 83, "column": 39 } },
          { "start": { "line": 83, "column": 37 }, "end": { "line": 83, "column": 39 } }
        ]
      },
      "44": {
        "loc": { "start": { "line": 84, "column": 10 }, "end": { "line": 84, "column": 45 } },
        "type": "cond-expr",
        "locations": [
          { "start": { "line": 84, "column": 36 }, "end": { "line": 84, "column": 38 } },
          { "start": { "line": 84, "column": 36 }, "end": { "line": 84, "column": 45 } }
        ]
      },
      "45": {
        "loc": { "start": { "line": 84, "column": 10 }, "end": { "line": 84, "column": 38 } },
        "type": "binary-expr",
        "locations": [
          { "start": { "line": 84, "column": 10 }, "end": { "line": 84, "column": 38 } },
          { "start": { "line": 84, "column": 36 }, "end": { "line": 84, "column": 38 } }
        ]
      },
      "46": {
        "loc": { "start": { "line": 85, "column": 10 }, "end": { "line": 85, "column": 44 } },
        "type": "cond-expr",
        "locations": [
          { "start": { "line": 85, "column": 35 }, "end": { "line": 85, "column": 37 } },
          { "start": { "line": 85, "column": 35 }, "end": { "line": 85, "column": 44 } }
        ]
      },
      "47": {
        "loc": { "start": { "line": 85, "column": 10 }, "end": { "line": 85, "column": 37 } },
        "type": "binary-expr",
        "locations": [
          { "start": { "line": 85, "column": 10 }, "end": { "line": 85, "column": 37 } },
          { "start": { "line": 85, "column": 35 }, "end": { "line": 85, "column": 37 } }
        ]
      },
      "48": {
        "loc": { "start": { "line": 90, "column": 19 }, "end": { "line": 90, "column": 61 } },
        "type": "cond-expr",
        "locations": [
          { "start": { "line": 90, "column": 35 }, "end": { "line": 90, "column": 49 } },
          { "start": { "line": 90, "column": 52 }, "end": { "line": 90, "column": 61 } }
        ]
      },
      "49": {
        "loc": { "start": { "line": 90, "column": 35 }, "end": { "line": 90, "column": 49 } },
        "type": "cond-expr",
        "locations": [
          { "start": { "line": 90, "column": 40 }, "end": { "line": 90, "column": 42 } },
          { "start": { "line": 90, "column": 35 }, "end": { "line": 90, "column": 49 } }
        ]
      },
      "50": {
        "loc": { "start": { "line": 90, "column": 35 }, "end": { "line": 90, "column": 42 } },
        "type": "binary-expr",
        "locations": [
          { "start": { "line": 90, "column": 35 }, "end": { "line": 90, "column": 42 } },
          { "start": { "line": 90, "column": 35 }, "end": { "line": 90, "column": 42 } }
        ]
      },
      "51": {
        "loc": { "start": { "line": 94, "column": 16 }, "end": { "line": 94, "column": 94 } },
        "type": "cond-expr",
        "locations": [
          { "start": { "line": 94, "column": 67 }, "end": { "line": 94, "column": 85 } },
          { "start": { "line": 94, "column": 88 }, "end": { "line": 94, "column": 94 } }
        ]
      },
      "52": {
        "loc": { "start": { "line": 94, "column": 16 }, "end": { "line": 94, "column": 27 } },
        "type": "cond-expr",
        "locations": [
          { "start": { "line": 94, "column": 21 }, "end": { "line": 94, "column": 23 } },
          { "start": { "line": 94, "column": 16 }, "end": { "line": 94, "column": 27 } }
        ]
      },
      "53": {
        "loc": { "start": { "line": 94, "column": 16 }, "end": { "line": 94, "column": 23 } },
        "type": "binary-expr",
        "locations": [
          { "start": { "line": 94, "column": 16 }, "end": { "line": 94, "column": 23 } },
          { "start": { "line": 94, "column": 16 }, "end": { "line": 94, "column": 23 } }
        ]
      },
      "54": {
        "loc": { "start": { "line": 96, "column": 10 }, "end": { "line": 100, "column": 36 } },
        "type": "cond-expr",
        "locations": [
          { "start": { "line": 97, "column": 14 }, "end": { "line": 97, "column": 37 } },
          { "start": { "line": 98, "column": 14 }, "end": { "line": 100, "column": 36 } }
        ]
      },
      "55": {
        "loc": { "start": { "line": 96, "column": 10 }, "end": { "line": 96, "column": 21 } },
        "type": "cond-expr",
        "locations": [
          { "start": { "line": 96, "column": 15 }, "end": { "line": 96, "column": 17 } },
          { "start": { "line": 96, "column": 10 }, "end": { "line": 96, "column": 21 } }
        ]
      },
      "56": {
        "loc": { "start": { "line": 96, "column": 10 }, "end": { "line": 96, "column": 17 } },
        "type": "binary-expr",
        "locations": [
          { "start": { "line": 96, "column": 10 }, "end": { "line": 96, "column": 17 } },
          { "start": { "line": 96, "column": 10 }, "end": { "line": 96, "column": 17 } }
        ]
      },
      "57": {
        "loc": { "start": { "line": 98, "column": 14 }, "end": { "line": 100, "column": 36 } },
        "type": "cond-expr",
        "locations": [
          { "start": { "line": 99, "column": 14 }, "end": { "line": 99, "column": 45 } },
          { "start": { "line": 100, "column": 14 }, "end": { "line": 100, "column": 36 } }
        ]
      },
      "58": {
        "loc": { "start": { "line": 99, "column": 14 }, "end": { "line": 99, "column": 45 } },
        "type": "binary-expr",
        "locations": [
          { "start": { "line": 99, "column": 14 }, "end": { "line": 99, "column": 28 } },
          { "start": { "line": 99, "column": 32 }, "end": { "line": 99, "column": 45 } }
        ]
      },
      "59": {
        "loc": { "start": { "line": 99, "column": 14 }, "end": { "line": 99, "column": 28 } },
        "type": "cond-expr",
        "locations": [
          { "start": { "line": 99, "column": 19 }, "end": { "line": 99, "column": 21 } },
          { "start": { "line": 99, "column": 14 }, "end": { "line": 99, "column": 28 } }
        ]
      },
      "60": {
        "loc": { "start": { "line": 99, "column": 14 }, "end": { "line": 99, "column": 21 } },
        "type": "binary-expr",
        "locations": [
          { "start": { "line": 99, "column": 14 }, "end": { "line": 99, "column": 21 } },
          { "start": { "line": 99, "column": 14 }, "end": { "line": 99, "column": 21 } }
        ]
      }
    },
    "s": {
      "0": 6,
      "1": 6,
      "2": 6,
      "3": 6,
      "4": 6,
      "5": 6,
      "6": 8,
      "7": 0,
      "8": 8,
      "9": 8,
      "10": 8,
      "11": 8,
      "12": 6,
      "13": 8,
      "14": 6,
      "15": 25,
      "16": 0,
      "17": 25,
      "18": 0,
      "19": 25,
      "20": 8,
      "21": 8,
      "22": 17,
      "23": 17,
      "24": 17,
      "25": 40,
      "26": 1,
      "27": 39,
      "28": 217,
      "29": 6,
      "30": 33,
      "31": 9,
      "32": 17,
      "33": 6,
      "34": 8,
      "35": 8,
      "36": 8,
      "37": 8,
      "38": 8,
      "39": 8,
      "40": 8,
      "41": 8,
      "42": 8,
      "43": 6
    },
    "f": { "0": 8, "1": 25, "2": 8, "3": 217, "4": 8 },
    "b": {
      "0": [0],
      "1": [8],
      "2": [6],
      "3": [0],
      "4": [0],
      "5": [8],
      "6": [1],
      "7": [40, 39, 39],
      "8": [6, 33],
      "9": [9],
      "10": [33, 9],
      "11": [8],
      "12": [8, 8],
      "13": [0, 8],
      "14": [8, 8],
      "15": [0, 8],
      "16": [8, 8],
      "17": [0, 8],
      "18": [8, 8],
      "19": [3, 5],
      "20": [0, 3],
      "21": [3, 3],
      "22": [0, 3],
      "23": [3, 3],
      "24": [0, 3],
      "25": [3, 3],
      "26": [0, 5],
      "27": [5, 5],
      "28": [8, 0],
      "29": [8, 8],
      "30": [0, 8],
      "31": [8, 8],
      "32": [3, 5],
      "33": [3, 2],
      "34": [5, 5],
      "35": [0, 5],
      "36": [5, 5],
      "37": [8, 8],
      "38": [3, 5],
      "39": [3, 3, 3, 3],
      "40": [3, 0],
      "41": [3, 3],
      "42": [3, 0],
      "43": [3, 3],
      "44": [3, 0],
      "45": [3, 3],
      "46": [0, 3],
      "47": [3, 3],
      "48": [3, 2],
      "49": [0, 3],
      "50": [3, 3],
      "51": [1, 4],
      "52": [0, 5],
      "53": [5, 5],
      "54": [1, 4],
      "55": [0, 5],
      "56": [5, 5],
      "57": [3, 1],
      "58": [3, 0],
      "59": [0, 3],
      "60": [3, 3]
    }
  },
  "/Users/gedeon/Projects/Sync bridge/sync-bridge-express/src/middlewares/requestId.ts": {
    "path": "/Users/gedeon/Projects/Sync bridge/sync-bridge-express/src/middlewares/requestId.ts",
    "statementMap": {
      "0": { "start": { "line": 3, "column": 0 }, "end": { "line": 3, "column": 36 } },
      "1": { "start": { "line": 14, "column": 20 }, "end": { "line": 14, "column": 28 } },
      "2": { "start": { "line": 15, "column": 2 }, "end": { "line": 15, "column": 21 } },
      "3": { "start": { "line": 16, "column": 2 }, "end": { "line": 16, "column": 43 } },
      "4": { "start": { "line": 17, "column": 2 }, "end": { "line": 17, "column": 9 } },
      "5": { "start": { "line": 13, "column": 0 }, "end": { "line": 13, "column": 16 } }
    },
    "fnMap": {
      "0": {
        "name": "requestIdMiddleware",
        "decl": { "start": { "line": 13, "column": 16 }, "end": { "line": 13, "column": 35 } },
        "loc": { "start": { "line": 13, "column": 83 }, "end": { "line": 18, "column": 1 } }
      }
    },
    "branchMap": {},
    "s": { "0": 5, "1": 31, "2": 31, "3": 31, "4": 31, "5": 5 },
    "f": { "0": 31 },
    "b": {}
  },
  "/Users/gedeon/Projects/Sync bridge/sync-bridge-express/src/middlewares/validate.ts": {
    "path": "/Users/gedeon/Projects/Sync bridge/sync-bridge-express/src/middlewares/validate.ts",
    "statementMap": {
      "0": { "start": { "line": 1, "column": 0 }, "end": { "line": 1, "column": 53 } },
      "1": { "start": { "line": 3, "column": 24 }, "end": { "line": 7, "column": 1 } },
      "2": { "start": { "line": 4, "column": 2 }, "end": { "line": 6, "column": 5 } },
      "3": { "start": { "line": 3, "column": 13 }, "end": { "line": 3, "column": 24 } }
    },
    "fnMap": {
      "0": {
        "name": "(anonymous_0)",
        "decl": { "start": { "line": 3, "column": 24 }, "end": { "line": 3, "column": 25 } },
        "loc": { "start": { "line": 3, "column": 53 }, "end": { "line": 7, "column": 1 } }
      }
    },
    "branchMap": {},
    "s": { "0": 5, "1": 5, "2": 5, "3": 5 },
    "f": { "0": 5 },
    "b": {}
  },
  "/Users/gedeon/Projects/Sync bridge/sync-bridge-express/src/routes/main.routes.ts": {
    "path": "/Users/gedeon/Projects/Sync bridge/sync-bridge-express/src/routes/main.routes.ts",
    "statementMap": {
      "0": { "start": { "line": 1, "column": 0 }, "end": { "line": 1, "column": 30 } },
      "1": { "start": { "line": 3, "column": 0 }, "end": { "line": 3, "column": 61 } },
      "2": { "start": { "line": 4, "column": 0 }, "end": { "line": 4, "column": 67 } },
      "3": { "start": { "line": 5, "column": 0 }, "end": { "line": 5, "column": 83 } },
      "4": { "start": { "line": 6, "column": 0 }, "end": { "line": 6, "column": 56 } },
      "5": { "start": { "line": 9, "column": 19 }, "end": { "line": 9, "column": 46 } },
      "6": { "start": { "line": 12, "column": 4 }, "end": { "line": 12, "column": 18 } },
      "7": { "start": { "line": 16, "column": 4 }, "end": { "line": 16, "column": 24 } },
      "8": { "start": { "line": 20, "column": 4 }, "end": { "line": 20, "column": 50 } },
      "9": { "start": { "line": 21, "column": 4 }, "end": { "line": 21, "column": 47 } },
      "10": { "start": { "line": 22, "column": 4 }, "end": { "line": 22, "column": 65 } },
      "11": { "start": { "line": 8, "column": 0 }, "end": { "line": 8, "column": 13 } }
    },
    "fnMap": {
      "0": {
        "name": "(anonymous_1)",
        "decl": { "start": { "line": 11, "column": 2 }, "end": { "line": 11, "column": null } },
        "loc": { "start": { "line": 11, "column": 2 }, "end": { "line": 13, "column": 3 } }
      },
      "1": {
        "name": "(anonymous_2)",
        "decl": { "start": { "line": 15, "column": 2 }, "end": { "line": 15, "column": 13 } },
        "loc": { "start": { "line": 15, "column": 19 }, "end": { "line": 17, "column": 3 } }
      },
      "2": {
        "name": "(anonymous_3)",
        "decl": { "start": { "line": 19, "column": 10 }, "end": { "line": 19, "column": 16 } },
        "loc": { "start": { "line": 19, "column": 16 }, "end": { "line": 23, "column": 3 } }
      }
    },
    "branchMap": {},
    "s": { "0": 5, "1": 5, "2": 5, "3": 5, "4": 5, "5": 5, "6": 5, "7": 5, "8": 5, "9": 5, "10": 5, "11": 5 },
    "f": { "0": 5, "1": 5, "2": 5 },
    "b": {}
  }
}
