TN:
SF:src/app.ts
FN:51,(anonymous_1)
FN:61,(anonymous_2)
FN:63,(anonymous_3)
FNF:3
FNH:3
FNDA:31,(anonymous_1)
FNDA:31,(anonymous_2)
FNDA:31,(anonymous_3)
DA:1,5
DA:2,5
DA:3,5
DA:4,5
DA:5,5
DA:6,5
DA:7,5
DA:8,5
DA:9,5
DA:10,5
DA:12,5
DA:15,5
DA:22,5
DA:25,5
DA:27,5
DA:29,5
DA:32,5
DA:35,5
DA:43,5
DA:51,5
DA:52,31
DA:53,31
DA:54,31
DA:55,24
DA:57,7
DA:61,5
DA:62,31
DA:63,31
DA:64,31
DA:65,31
DA:67,31
DA:70,5
DA:72,5
DA:74,5
DA:75,5
DA:77,5
DA:79,5
DA:81,5
LF:38
LH:38
BRDA:53,0,0,31
BRDA:53,0,1,25
BRDA:54,1,0,24
BRDA:64,2,0,28
BRDA:64,2,1,3
BRF:5
BRH:5
end_of_record
TN:
SF:src/swagger.ts
FNF:0
FNH:0
DA:1,5
DA:3,5
DA:21,5
DA:23,5
LF:4
LH:4
BRF:0
BRH:0
end_of_record
TN:
SF:src/api/controllers/status/status.controller.ts
FN:7,(anonymous_1)
FN:15,(anonymous_2)
FN:56,(anonymous_3)
FN:73,(anonymous_4)
FNF:4
FNH:4
FNDA:5,(anonymous_1)
FNDA:4,(anonymous_2)
FNDA:3,(anonymous_3)
FNDA:2,(anonymous_4)
DA:2,5
DA:3,5
DA:4,5
DA:5,5
DA:7,5
DA:15,5
DA:16,4
DA:17,4
DA:18,3
DA:21,3
DA:23,2
DA:25,1
DA:26,1
DA:38,3
DA:39,3
DA:57,3
DA:59,3
DA:62,2
DA:64,1
DA:65,1
DA:74,2
DA:75,2
DA:77,2
DA:87,1
DA:89,1
DA:91,1
DA:93,1
DA:94,1
DA:95,1
LF:29
LH:29
BRDA:25,0,0,1
BRDA:25,1,0,1
BRDA:25,1,1,1
BRF:3
BRH:3
end_of_record
TN:
SF:src/api/controllers/status/status.routes.ts
FNF:0
FNH:0
DA:1,5
DA:2,5
DA:4,5
DA:42,5
DA:44,5
LF:5
LH:5
BRF:0
BRH:0
end_of_record
TN:
SF:src/api/controllers/sync/sync.controller.ts
FN:36,(anonymous_0)
FN:51,(anonymous_1)
FN:68,(anonymous_2)
FN:105,(anonymous_3)
FN:145,(anonymous_4)
FN:146,(anonymous_5)
FN:155,(anonymous_6)
FN:191,(anonymous_7)
FNF:8
FNH:8
FNDA:3,(anonymous_0)
FNDA:4,(anonymous_1)
FNDA:13,(anonymous_2)
FNDA:11,(anonymous_3)
FNDA:13,(anonymous_4)
FNDA:13,(anonymous_5)
FNDA:3,(anonymous_6)
FNDA:1,(anonymous_7)
DA:4,5
DA:13,5
DA:14,5
DA:15,5
DA:36,5
DA:37,3
DA:38,1
DA:40,2
DA:41,2
DA:49,5
DA:52,4
DA:53,3
DA:54,3
DA:68,5
DA:75,13
DA:76,13
DA:78,13
DA:79,3
DA:80,3
DA:81,3
DA:84,3
DA:85,3
DA:86,1
DA:88,3
DA:90,10
DA:91,8
DA:92,3
DA:94,8
DA:105,5
DA:106,11
DA:108,11
DA:114,11
DA:116,3
DA:117,3
DA:119,3
DA:120,3
DA:122,4
DA:123,4
DA:125,1
DA:126,1
DA:128,0
DA:132,11
DA:134,4
DA:135,4
DA:137,7
DA:140,11
DA:142,11
DA:144,11
DA:145,13
DA:146,13
DA:148,11
DA:149,11
DA:150,11
DA:155,11
DA:159,11
DA:160,11
DA:161,13
DA:162,11
DA:166,9
DA:167,9
DA:169,9
DA:176,2
DA:177,2
DA:179,2
DA:184,2
DA:191,5
DA:192,1
DA:198,1
DA:206,1
DA:207,1
DA:208,4
DA:209,4
DA:211,4
DA:213,1
DA:214,1
DA:216,1
DA:217,1
DA:219,1
DA:220,1
DA:222,1
DA:223,1
DA:225,4
DA:227,1
DA:229,1
LF:84
LH:83
BRDA:37,0,0,1
BRDA:37,0,1,2
BRDA:52,1,0,3
BRDA:52,2,0,4
BRDA:52,2,1,3
BRDA:76,3,0,13
BRDA:76,3,1,13
BRDA:76,3,2,13
BRDA:78,4,0,3
BRDA:78,4,1,10
BRDA:85,5,0,1
BRDA:85,6,0,3
BRDA:85,6,1,1
BRDA:85,7,0,2
BRDA:85,7,1,1
BRDA:85,8,0,3
BRDA:85,8,1,3
BRDA:91,9,0,3
BRDA:91,10,0,5
BRDA:91,10,1,3
BRDA:91,11,0,8
BRDA:91,11,1,8
BRDA:114,12,0,3
BRDA:114,12,1,3
BRDA:114,12,2,4
BRDA:114,12,3,1
BRDA:114,12,4,0
BRDA:132,13,0,4
BRDA:132,13,1,7
BRDA:146,14,0,13
BRDA:146,14,1,13
BRDA:149,15,0,11
BRDA:181,16,0,2
BRDA:181,16,1,0
BRDA:209,17,0,4
BRDA:209,17,1,0
BRDA:211,18,0,1
BRDA:211,18,1,1
BRDA:211,18,2,1
BRDA:211,18,3,1
BRF:40
BRH:37
end_of_record
TN:
SF:src/api/controllers/sync/sync.routes.ts
FNF:0
FNH:0
DA:1,5
DA:2,5
DA:3,5
DA:4,5
DA:6,5
DA:22,5
DA:67,5
DA:69,5
LF:8
LH:8
BRF:0
BRH:0
end_of_record
TN:
SF:src/api/controllers/sync/sync.validation.ts
FN:37,(anonymous_1)
FN:43,(anonymous_2)
FNF:2
FNH:2
FNDA:5,(anonymous_1)
FNDA:4,(anonymous_2)
DA:1,5
DA:4,5
DA:12,5
DA:22,5
DA:29,5
DA:39,5
DA:40,1
DA:43,4
DA:44,4
DA:47,4
DA:49,1
DA:54,3
DA:57,5
DA:83,5
LF:14
LH:14
BRDA:39,0,0,1
BRDA:39,1,0,5
BRDA:39,1,1,4
BRDA:47,2,0,1
BRF:4
BRH:4
end_of_record
TN:
SF:src/api/controllers/sync-history/syncHistory.controller.ts
FN:7,(anonymous_0)
FN:37,(anonymous_1)
FN:48,(anonymous_2)
FN:66,(anonymous_3)
FNF:4
FNH:4
FNDA:3,(anonymous_0)
FNDA:2,(anonymous_1)
FNDA:3,(anonymous_2)
FNDA:2,(anonymous_3)
DA:2,5
DA:3,5
DA:4,5
DA:5,5
DA:7,5
DA:8,3
DA:9,3
DA:11,3
DA:12,3
DA:13,1
DA:16,3
DA:23,3
DA:25,3
DA:37,5
DA:38,2
DA:39,2
DA:41,2
DA:42,1
DA:45,1
DA:48,5
DA:49,3
DA:50,3
DA:52,3
DA:53,1
DA:56,2
DA:57,1
DA:60,1
DA:61,1
DA:63,1
DA:66,5
DA:67,2
DA:68,2
DA:70,2
DA:71,1
DA:74,1
DA:76,1
LF:36
LH:36
BRDA:12,0,0,1
BRDA:41,1,0,1
BRDA:52,2,0,1
BRDA:56,3,0,1
BRDA:70,4,0,1
BRF:5
BRH:5
end_of_record
TN:
SF:src/api/controllers/sync-history/syncHistory.routes.ts
FNF:0
FNH:0
DA:1,5
DA:2,5
DA:4,5
DA:37,5
DA:62,5
DA:89,5
DA:114,5
DA:116,5
LF:8
LH:8
BRF:0
BRH:0
end_of_record
TN:
SF:src/constants/httpCodes.ts
FNF:0
FNH:0
DA:1,6
DA:18,6
LF:2
LH:2
BRF:0
BRH:0
end_of_record
TN:
SF:src/databases/sequelize.ts
FN:13,(anonymous_1)
FN:21,(anonymous_2)
FNF:2
FNH:2
FNDA:12,(anonymous_1)
FNDA:1,(anonymous_2)
DA:1,7
DA:2,7
DA:3,7
DA:4,7
DA:5,7
DA:6,7
DA:7,7
DA:8,7
DA:9,7
DA:11,7
DA:13,7
DA:14,12
DA:16,12
DA:23,1
DA:29,12
DA:31,2
DA:35,10
DA:36,9
DA:37,9
DA:43,1
DA:44,1
DA:48,1
DA:51,1
DA:54,12
DA:57,7
DA:59,7
DA:60,7
DA:61,7
DA:62,7
DA:63,7
DA:64,7
LF:31
LH:31
BRDA:20,0,0,1
BRDA:20,0,1,11
BRDA:26,1,0,11
BRDA:26,1,1,1
BRDA:29,2,0,2
BRDA:29,2,1,10
BRDA:29,3,0,12
BRDA:29,3,1,11
BRDA:29,3,2,2
BRDA:32,4,0,2
BRDA:32,4,1,1
BRDA:33,5,0,2
BRDA:33,5,1,1
BRDA:35,6,0,9
BRDA:35,6,1,1
BRDA:43,7,0,1
BRDA:43,7,1,0
BRF:17
BRH:16
end_of_record
TN:
SF:src/databases/models/customers.model.ts
FN:50,(anonymous_2)
FNF:1
FNH:1
FNDA:1,(anonymous_2)
DA:1,7
DA:21,7
DA:25,7
DA:33,7
DA:37,7
DA:41,7
DA:46,7
DA:51,1
DA:54,7
DA:57,7
DA:60,7
LF:11
LH:11
BRF:0
BRH:0
end_of_record
TN:
SF:src/databases/models/employee.model.ts
FN:10,(anonymous_2)
FNF:1
FNH:0
FNDA:0,(anonymous_2)
DA:1,7
DA:2,7
DA:9,7
DA:10,0
DA:13,7
DA:17,7
DA:21,7
DA:25,7
DA:29,7
DA:33,7
DA:37,7
DA:41,7
DA:45,7
DA:49,7
DA:53,7
DA:57,7
DA:61,7
DA:65,7
DA:69,7
DA:73,7
DA:77,7
DA:81,7
DA:85,7
DA:89,7
DA:93,7
DA:97,7
DA:100,7
LF:27
LH:26
BRF:0
BRH:0
end_of_record
TN:
SF:src/databases/models/orderItems.model.ts
FN:25,(anonymous_3)
FN:30,(anonymous_4)
FN:33,(anonymous_5)
FN:38,(anonymous_6)
FN:51,(anonymous_7)
FNF:5
FNH:5
FNDA:30,(anonymous_3)
FNDA:12,(anonymous_4)
FNDA:6,(anonymous_5)
FNDA:12,(anonymous_6)
FNDA:2,(anonymous_7)
DA:1,7
DA:12,7
DA:13,7
DA:19,7
DA:23,7
DA:25,30
DA:28,7
DA:30,12
DA:31,7
DA:33,6
DA:36,7
DA:38,12
DA:39,7
DA:43,7
DA:47,7
DA:52,2
DA:55,7
LF:17
LH:17
BRF:0
BRH:0
end_of_record
TN:
SF:src/databases/models/orders.model.ts
FN:38,(anonymous_3)
FN:43,(anonymous_4)
FN:46,(anonymous_5)
FNF:3
FNH:3
FNDA:6,(anonymous_3)
FNDA:12,(anonymous_4)
FNDA:12,(anonymous_5)
DA:1,7
DA:16,7
DA:17,7
DA:25,7
DA:29,7
DA:36,7
DA:38,6
DA:41,7
DA:43,12
DA:44,7
DA:46,12
DA:47,7
DA:51,7
DA:56,7
DA:60,7
DA:63,7
DA:66,7
LF:17
LH:17
BRF:0
BRH:0
end_of_record
TN:
SF:src/databases/models/products.model.ts
FNF:0
FNH:0
DA:1,7
DA:20,7
DA:24,7
DA:28,7
DA:31,7
DA:35,7
DA:40,7
DA:45,7
DA:48,7
DA:51,7
DA:54,7
LF:11
LH:11
BRF:0
BRH:0
end_of_record
TN:
SF:src/databases/models/syncHistory.model.ts
FN:14,(anonymous_2)
FNF:1
FNH:1
FNDA:7,(anonymous_2)
DA:1,7
DA:14,7
DA:15,7
DA:16,7
DA:17,7
DA:18,7
DA:27,7
DA:31,7
DA:35,7
DA:40,7
DA:43,7
DA:48,7
DA:51,7
DA:54,7
LF:14
LH:14
BRDA:14,0,0,7
BRDA:14,0,1,7
BRF:2
BRH:2
end_of_record
TN:
SF:src/helpers/customEnv.ts
FNF:0
FNH:0
DA:1,11
DA:3,11
DA:16,11
DA:18,11
DA:19,1
DA:22,10
LF:6
LH:6
BRDA:18,0,0,1
BRF:1
BRH:1
end_of_record
TN:
SF:src/helpers/getPagination.ts
FN:3,(anonymous_0)
FNF:1
FNH:1
FNDA:7,(anonymous_0)
DA:3,6
DA:4,7
DA:5,7
DA:6,7
DA:8,7
LF:5
LH:5
BRDA:4,0,0,1
BRDA:4,0,1,6
BRDA:4,1,0,7
BRDA:4,1,1,2
BRDA:5,2,0,1
BRDA:5,2,1,6
BRDA:5,3,0,7
BRDA:5,3,1,2
BRF:8
BRH:8
end_of_record
TN:
SF:src/helpers/logger.ts
FN:16,(anonymous_1)
FNF:1
FNH:1
FNDA:43,(anonymous_1)
DA:1,9
DA:2,9
DA:4,9
DA:11,9
DA:17,43
DA:18,41
DA:19,41
DA:20,41
DA:22,41
LF:9
LH:9
BRDA:17,0,0,2
BRDA:19,1,0,34
BRDA:20,2,0,7
BRDA:27,3,0,34
BRDA:27,3,1,7
BRDA:28,4,0,34
BRDA:28,4,1,7
BRF:7
BRH:7
end_of_record
TN:
SF:src/helpers/metrics.ts
FN:14,metricsHandler
FNF:1
FNH:1
FNDA:1,metricsHandler
DA:2,6
DA:4,6
DA:5,6
DA:7,6
DA:14,6
DA:15,1
DA:16,1
LF:7
LH:7
BRF:0
BRH:0
end_of_record
TN:
SF:src/helpers/responseWrapper.ts
FN:4,responseWrapper
FNF:1
FNH:1
FNDA:37,responseWrapper
DA:4,6
DA:5,37
LF:2
LH:2
BRF:0
BRH:0
end_of_record
TN:
SF:src/middlewares/auth.middleware.ts
FN:7,safeCompare
FN:18,(anonymous_2)
FNF:2
FNH:2
FNDA:25,safeCompare
FNDA:28,(anonymous_2)
DA:2,5
DA:3,5
DA:4,5
DA:5,5
DA:8,25
DA:9,25
DA:10,25
DA:12,1
DA:13,1
DA:15,24
DA:18,5
DA:19,28
DA:20,28
DA:21,27
DA:23,27
DA:24,3
DA:30,24
DA:32,1
LF:18
LH:18
BRDA:10,0,0,1
BRDA:23,1,0,3
BRDA:23,2,0,27
BRDA:23,2,1,25
BRDA:23,2,2,25
BRDA:23,2,3,25
BRF:6
BRH:6
end_of_record
TN:
SF:src/middlewares/errors.ts
FN:12,(anonymous_1)
FN:20,(anonymous_2)
FN:24,(anonymous_3)
FN:32,(anonymous_4)
FN:41,(anonymous_5)
FNF:5
FNH:5
FNDA:8,(anonymous_1)
FNDA:25,(anonymous_2)
FNDA:8,(anonymous_3)
FNDA:217,(anonymous_4)
FNDA:8,(anonymous_5)
DA:2,6
DA:3,6
DA:4,6
DA:5,6
DA:6,6
DA:12,6
DA:13,8
DA:14,8
DA:15,8
DA:16,8
DA:17,8
DA:20,6
DA:21,25
DA:22,25
DA:23,25
DA:24,8
DA:26,17
DA:27,17
DA:28,17
DA:29,40
DA:30,1
DA:32,217
DA:33,6
DA:34,33
DA:35,9
DA:38,17
DA:41,6
DA:48,8
DA:50,8
DA:53,8
DA:54,8
DA:56,8
DA:72,8
DA:73,8
DA:75,8
DA:103,8
LF:36
LH:36
BRDA:13,0,0,0
BRDA:15,1,0,8
BRDA:16,2,0,6
BRDA:21,3,0,0
BRDA:22,4,0,0
BRDA:23,5,0,8
BRDA:29,6,0,1
BRDA:29,7,0,40
BRDA:29,7,1,39
BRDA:29,7,2,39
BRDA:32,8,0,6
BRDA:32,8,1,33
BRDA:34,9,0,9
BRDA:34,10,0,33
BRDA:34,10,1,9
BRDA:48,11,0,8
BRDA:48,12,0,8
BRDA:48,12,1,8
BRDA:60,13,0,0
BRDA:60,13,1,8
BRDA:60,14,0,8
BRDA:60,14,1,8
BRDA:61,15,0,0
BRDA:61,15,1,8
BRDA:61,16,0,8
BRDA:61,16,1,8
BRDA:62,17,0,0
BRDA:62,17,1,8
BRDA:62,18,0,8
BRDA:62,18,1,8
BRDA:67,19,0,3
BRDA:67,19,1,5
BRDA:67,20,0,0
BRDA:67,20,1,3
BRDA:67,21,0,3
BRDA:67,21,1,3
BRDA:67,22,0,0
BRDA:67,22,1,3
BRDA:67,23,0,3
BRDA:67,23,1,3
BRDA:67,24,0,0
BRDA:67,24,1,3
BRDA:67,25,0,3
BRDA:67,25,1,3
BRDA:67,26,0,0
BRDA:67,26,1,5
BRDA:67,27,0,5
BRDA:67,27,1,5
BRDA:69,28,0,8
BRDA:69,28,1,0
BRDA:69,29,0,8
BRDA:69,29,1,8
BRDA:69,30,0,0
BRDA:69,30,1,8
BRDA:69,31,0,8
BRDA:69,31,1,8
BRDA:72,32,0,3
BRDA:72,32,1,5
BRDA:72,33,0,3
BRDA:72,33,1,2
BRDA:72,34,0,5
BRDA:72,34,1,5
BRDA:72,35,0,0
BRDA:72,35,1,5
BRDA:72,36,0,5
BRDA:72,36,1,5
BRDA:73,37,0,8
BRDA:73,37,1,8
BRDA:75,38,0,3
BRDA:75,38,1,5
BRDA:82,39,0,3
BRDA:82,39,1,3
BRDA:82,39,2,3
BRDA:82,39,3,3
BRDA:82,40,0,3
BRDA:82,40,1,0
BRDA:82,41,0,3
BRDA:82,41,1,3
BRDA:83,42,0,3
BRDA:83,42,1,0
BRDA:83,43,0,3
BRDA:83,43,1,3
BRDA:84,44,0,3
BRDA:84,44,1,0
BRDA:84,45,0,3
BRDA:84,45,1,3
BRDA:85,46,0,0
BRDA:85,46,1,3
BRDA:85,47,0,3
BRDA:85,47,1,3
BRDA:90,48,0,3
BRDA:90,48,1,2
BRDA:90,49,0,0
BRDA:90,49,1,3
BRDA:90,50,0,3
BRDA:90,50,1,3
BRDA:94,51,0,1
BRDA:94,51,1,4
BRDA:94,52,0,0
BRDA:94,52,1,5
BRDA:94,53,0,5
BRDA:94,53,1,5
BRDA:96,54,0,1
BRDA:96,54,1,4
BRDA:96,55,0,0
BRDA:96,55,1,5
BRDA:96,56,0,5
BRDA:96,56,1,5
BRDA:98,57,0,3
BRDA:98,57,1,1
BRDA:99,58,0,3
BRDA:99,58,1,0
BRDA:99,59,0,0
BRDA:99,59,1,3
BRDA:99,60,0,3
BRDA:99,60,1,3
BRF:116
BRH:94
end_of_record
TN:
SF:src/middlewares/requestId.ts
FN:13,requestIdMiddleware
FNF:1
FNH:1
FNDA:31,requestIdMiddleware
DA:3,5
DA:13,5
DA:14,31
DA:15,31
DA:16,31
DA:17,31
LF:6
LH:6
BRF:0
BRH:0
end_of_record
TN:
SF:src/middlewares/validate.ts
FN:3,(anonymous_0)
FNF:1
FNH:1
FNDA:5,(anonymous_0)
DA:1,5
DA:3,5
DA:4,5
LF:3
LH:3
BRF:0
BRH:0
end_of_record
TN:
SF:src/routes/main.routes.ts
FN:11,(anonymous_1)
FN:15,(anonymous_2)
FN:19,(anonymous_3)
FNF:3
FNH:3
FNDA:5,(anonymous_1)
FNDA:5,(anonymous_2)
FNDA:5,(anonymous_3)
DA:1,5
DA:3,5
DA:4,5
DA:5,5
DA:6,5
DA:8,5
DA:9,5
DA:12,5
DA:16,5
DA:20,5
DA:21,5
DA:22,5
LF:12
LH:12
BRF:0
BRH:0
end_of_record
